2025-09-06 20:01:53.192 | INFO     | src.dogbot.betfair_client:login:98 - Logged in to Betfair API
2025-09-06 20:01:53.192 | INFO     | __main__:main:81 - Strategies enabled: BACK_WIN_1
2025-09-06 20:01:53.193 | INFO     | src.dogbot.executor:__init__:74 - Starting polling loop…
2025-09-06 20:01:53.667 | INFO     | src.dogbot.betfair_client:scan_catalogue:226 - Found 66 greyhound markets in next 120 minutes
2025-09-06 20:02:03.017 | DEBUG    | src.dogbot.executor:run:215 - [poll] 1.247458594 t_to_off=Nones inplay=False runners=6
2025-09-06 20:02:03.017 | DEBUG    | src.dogbot.executor:run:215 - [poll] 1.247459196 t_to_off=Nones inplay=False runners=5
2025-09-06 20:02:03.017 | DEBUG    | src.dogbot.executor:run:215 - [poll] 1.247459594 t_to_off=Nones inplay=False runners=6
2025-09-06 20:02:03.017 | DEBUG    | src.dogbot.executor:run:215 - [poll] 1.247459769 t_to_off=Nones inplay=False runners=6
2025-09-06 20:02:03.017 | DEBUG    | src.dogbot.executor:run:215 - [poll] 1.247459634 t_to_off=Nones inplay=False runners=5
2025-09-06 20:02:03.017 | DEBUG    | src.dogbot.executor:run:215 - [poll] 1.247459728 t_to_off=Nones inplay=False runners=6
2025-09-06 20:02:03.017 | DEBUG    | src.dogbot.executor:run:215 - [poll] 1.247460143 t_to_off=Nones inplay=False runners=7
2025-09-06 20:02:03.018 | DEBUG    | src.dogbot.executor:run:215 - [poll] 1.247460183 t_to_off=Nones inplay=False runners=5
2025-09-06 20:02:03.018 | DEBUG    | src.dogbot.executor:run:215 - [poll] 1.247458917 t_to_off=Nones inplay=False runners=5
2025-09-06 20:02:03.018 | DEBUG    | src.dogbot.executor:run:215 - [poll] 1.247459198 t_to_off=Nones inplay=False runners=6
2025-09-06 20:02:03.018 | DEBUG    | src.dogbot.executor:run:215 - [poll] 1.247459596 t_to_off=Nones inplay=False runners=5
2025-09-06 20:02:03.018 | DEBUG    | src.dogbot.executor:run:215 - [poll] 1.247459771 t_to_off=Nones inplay=False runners=6
2025-09-06 20:02:03.018 | DEBUG    | src.dogbot.executor:run:215 - [poll] 1.247458596 t_to_off=Nones inplay=False runners=6
2025-09-06 20:02:03.018 | DEBUG    | src.dogbot.executor:run:215 - [poll] 1.247459730 t_to_off=Nones inplay=False runners=5
2025-09-06 20:02:03.018 | DEBUG    | src.dogbot.executor:run:215 - [poll] 1.247460145 t_to_off=Nones inplay=False runners=5
2025-09-06 20:02:03.018 | DEBUG    | src.dogbot.executor:run:215 - [poll] 1.247460185 t_to_off=Nones inplay=False runners=6
2025-09-06 20:02:03.019 | DEBUG    | src.dogbot.executor:run:215 - [poll] 1.247458919 t_to_off=Nones inplay=False runners=5
2025-09-06 20:02:03.019 | DEBUG    | src.dogbot.executor:run:215 - [poll] 1.247459200 t_to_off=Nones inplay=False runners=6
2025-09-06 20:02:03.019 | DEBUG    | src.dogbot.executor:run:215 - [poll] 1.247459598 t_to_off=Nones inplay=False runners=6
2025-09-06 20:02:03.019 | DEBUG    | src.dogbot.executor:run:215 - [poll] 1.247459636 t_to_off=Nones inplay=False runners=5
2025-09-06 20:02:03.019 | DEBUG    | src.dogbot.executor:run:215 - [poll] 1.247458598 t_to_off=Nones inplay=False runners=6
2025-09-06 20:02:03.019 | DEBUG    | src.dogbot.executor:run:215 - [poll] 1.247459773 t_to_off=Nones inplay=False runners=6
2025-09-06 20:02:03.019 | DEBUG    | src.dogbot.executor:run:215 - [poll] 1.247460147 t_to_off=Nones inplay=False runners=6
2025-09-06 20:02:03.019 | DEBUG    | src.dogbot.executor:run:215 - [poll] 1.247460187 t_to_off=Nones inplay=False runners=5
2025-09-06 20:02:03.019 | DEBUG    | src.dogbot.executor:run:215 - [poll] 1.247458921 t_to_off=Nones inplay=False runners=5
2025-09-06 20:02:03.020 | DEBUG    | src.dogbot.executor:run:215 - [poll] 1.247459600 t_to_off=Nones inplay=False runners=6
2025-09-06 20:02:03.020 | DEBUG    | src.dogbot.executor:run:215 - [poll] 1.247459638 t_to_off=Nones inplay=False runners=5
2025-09-06 20:02:03.020 | DEBUG    | src.dogbot.executor:run:215 - [poll] 1.247459732 t_to_off=Nones inplay=False runners=5
2025-09-06 20:02:03.020 | DEBUG    | src.dogbot.executor:run:215 - [poll] 1.247459202 t_to_off=Nones inplay=False runners=6
2025-09-06 20:02:03.020 | DEBUG    | src.dogbot.executor:run:215 - [poll] 1.247459775 t_to_off=Nones inplay=False runners=5
2025-09-06 20:02:03.020 | DEBUG    | src.dogbot.executor:run:215 - [poll] 1.247460149 t_to_off=Nones inplay=False runners=5
2025-09-06 20:02:03.020 | DEBUG    | src.dogbot.executor:run:215 - [poll] 1.247460189 t_to_off=Nones inplay=False runners=6
2025-09-06 20:02:03.020 | DEBUG    | src.dogbot.executor:run:215 - [poll] 1.247448791 t_to_off=Nones inplay=False runners=6
2025-09-06 20:02:03.020 | DEBUG    | src.dogbot.executor:run:215 - [poll] 1.247458600 t_to_off=Nones inplay=False runners=5
2025-09-06 20:02:03.020 | DEBUG    | src.dogbot.executor:run:215 - [poll] 1.247458923 t_to_off=Nones inplay=False runners=6
2025-09-06 20:02:03.021 | DEBUG    | src.dogbot.executor:run:215 - [poll] 1.247459734 t_to_off=Nones inplay=False runners=6
2025-09-06 20:02:03.021 | DEBUG    | src.dogbot.executor:run:215 - [poll] 1.247459204 t_to_off=Nones inplay=False runners=5
2025-09-06 20:02:03.021 | DEBUG    | src.dogbot.executor:run:215 - [poll] 1.247459602 t_to_off=Nones inplay=False runners=6
2025-09-06 20:02:03.021 | DEBUG    | src.dogbot.executor:run:215 - [poll] 1.247459640 t_to_off=Nones inplay=False runners=5
2025-09-06 20:02:03.021 | DEBUG    | src.dogbot.executor:run:215 - [poll] 1.247459777 t_to_off=Nones inplay=False runners=5
2025-09-06 20:02:03.021 | DEBUG    | src.dogbot.executor:run:215 - [poll] 1.247448807 t_to_off=Nones inplay=False runners=6
2025-09-06 20:02:03.021 | DEBUG    | src.dogbot.executor:run:215 - [poll] 1.247459736 t_to_off=Nones inplay=False runners=6
2025-09-06 20:02:03.021 | DEBUG    | src.dogbot.executor:run:215 - [poll] 1.247460151 t_to_off=Nones inplay=False runners=6
2025-09-06 20:02:03.021 | DEBUG    | src.dogbot.executor:run:215 - [poll] 1.247460191 t_to_off=Nones inplay=False runners=6
2025-09-06 20:02:03.021 | DEBUG    | src.dogbot.executor:run:215 - [poll] 1.247458602 t_to_off=Nones inplay=False runners=6
2025-09-06 20:02:03.021 | DEBUG    | src.dogbot.executor:run:215 - [poll] 1.247458925 t_to_off=Nones inplay=False runners=6
2025-09-06 20:02:03.022 | DEBUG    | src.dogbot.executor:run:215 - [poll] 1.247459604 t_to_off=Nones inplay=False runners=6
2025-09-06 20:02:03.022 | DEBUG    | src.dogbot.executor:run:215 - [poll] 1.247459642 t_to_off=Nones inplay=False runners=5
2025-09-06 20:02:03.022 | DEBUG    | src.dogbot.executor:run:215 - [poll] 1.247448805 t_to_off=Nones inplay=False runners=6
2025-09-06 20:02:03.022 | DEBUG    | src.dogbot.executor:run:215 - [poll] 1.247459206 t_to_off=Nones inplay=False runners=6
2025-09-06 20:02:03.022 | DEBUG    | src.dogbot.executor:run:215 - [poll] 1.247459779 t_to_off=Nones inplay=False runners=5
2025-09-06 20:02:03.022 | DEBUG    | src.dogbot.executor:run:215 - [poll] 1.247460193 t_to_off=Nones inplay=False runners=5
2025-09-06 20:02:03.022 | DEBUG    | src.dogbot.executor:run:215 - [poll] 1.247458927 t_to_off=Nones inplay=False runners=6
2025-09-06 20:02:03.022 | DEBUG    | src.dogbot.executor:run:215 - [poll] 1.247459644 t_to_off=Nones inplay=False runners=5
2025-09-06 20:02:03.022 | DEBUG    | src.dogbot.executor:run:215 - [poll] 1.247459738 t_to_off=Nones inplay=False runners=6
2025-09-06 20:02:03.022 | DEBUG    | src.dogbot.executor:run:215 - [poll] 1.247460153 t_to_off=Nones inplay=False runners=7
2025-09-06 20:02:03.022 | DEBUG    | src.dogbot.executor:run:215 - [poll] 1.247448801 t_to_off=Nones inplay=False runners=6
2025-09-06 20:02:03.023 | DEBUG    | src.dogbot.executor:run:215 - [poll] 1.247458604 t_to_off=Nones inplay=False runners=6
2025-09-06 20:02:03.023 | DEBUG    | src.dogbot.executor:run:215 - [poll] 1.247459208 t_to_off=Nones inplay=False runners=6
2025-09-06 20:02:03.023 | DEBUG    | src.dogbot.executor:run:215 - [poll] 1.247459606 t_to_off=Nones inplay=False runners=6
2025-09-06 20:02:03.023 | DEBUG    | src.dogbot.executor:run:215 - [poll] 1.247459740 t_to_off=Nones inplay=False runners=5
2025-09-06 20:02:03.023 | DEBUG    | src.dogbot.executor:run:215 - [poll] 1.247459781 t_to_off=Nones inplay=False runners=6
2025-09-06 20:02:03.023 | DEBUG    | src.dogbot.executor:run:215 - [poll] 1.247460155 t_to_off=Nones inplay=False runners=6
2025-09-06 20:02:03.023 | DEBUG    | src.dogbot.executor:run:215 - [poll] 1.247460195 t_to_off=Nones inplay=False runners=7
2025-09-06 20:02:03.023 | DEBUG    | src.dogbot.executor:run:215 - [poll] 1.247458929 t_to_off=Nones inplay=False runners=5
2025-09-06 20:02:03.023 | DEBUG    | src.dogbot.executor:run:215 - [poll] 1.247459646 t_to_off=Nones inplay=False runners=5
2025-09-06 20:02:13.233 | DEBUG    | src.dogbot.executor:run:215 - [poll] 1.247458594 t_to_off=Nones inplay=False runners=6
2025-09-06 20:02:13.234 | DEBUG    | src.dogbot.executor:run:215 - [poll] 1.247459196 t_to_off=Nones inplay=False runners=5
2025-09-06 20:02:13.234 | DEBUG    | src.dogbot.executor:run:215 - [poll] 1.247459594 t_to_off=Nones inplay=False runners=6
2025-09-06 20:02:13.234 | DEBUG    | src.dogbot.executor:run:215 - [poll] 1.247459769 t_to_off=Nones inplay=False runners=6
2025-09-06 20:02:13.234 | DEBUG    | src.dogbot.executor:run:215 - [poll] 1.247459634 t_to_off=Nones inplay=False runners=5
2025-09-06 20:02:13.234 | DEBUG    | src.dogbot.executor:run:215 - [poll] 1.247459728 t_to_off=Nones inplay=False runners=6
2025-09-06 20:02:13.234 | DEBUG    | src.dogbot.executor:run:215 - [poll] 1.247460143 t_to_off=Nones inplay=False runners=7
2025-09-06 20:02:13.234 | DEBUG    | src.dogbot.executor:run:215 - [poll] 1.247460183 t_to_off=Nones inplay=False runners=5
2025-09-06 20:02:13.234 | DEBUG    | src.dogbot.executor:run:215 - [poll] 1.247458917 t_to_off=Nones inplay=False runners=5
2025-09-06 20:02:13.235 | DEBUG    | src.dogbot.executor:run:215 - [poll] 1.247459198 t_to_off=Nones inplay=False runners=6
2025-09-06 20:02:13.235 | DEBUG    | src.dogbot.executor:run:215 - [poll] 1.247459596 t_to_off=Nones inplay=False runners=5
2025-09-06 20:02:13.235 | DEBUG    | src.dogbot.executor:run:215 - [poll] 1.247459771 t_to_off=Nones inplay=False runners=6
2025-09-06 20:02:13.235 | DEBUG    | src.dogbot.executor:run:215 - [poll] 1.247458596 t_to_off=Nones inplay=False runners=6
2025-09-06 20:02:13.235 | DEBUG    | src.dogbot.executor:run:215 - [poll] 1.247459730 t_to_off=Nones inplay=False runners=5
2025-09-06 20:02:13.235 | DEBUG    | src.dogbot.executor:run:215 - [poll] 1.247460145 t_to_off=Nones inplay=False runners=5
2025-09-06 20:02:13.235 | DEBUG    | src.dogbot.executor:run:215 - [poll] 1.247460185 t_to_off=Nones inplay=False runners=6
2025-09-06 20:02:13.235 | DEBUG    | src.dogbot.executor:run:215 - [poll] 1.247458919 t_to_off=Nones inplay=False runners=5
2025-09-06 20:02:13.235 | DEBUG    | src.dogbot.executor:run:215 - [poll] 1.247459200 t_to_off=Nones inplay=False runners=6
2025-09-06 20:02:13.236 | DEBUG    | src.dogbot.executor:run:215 - [poll] 1.247459598 t_to_off=Nones inplay=False runners=6
2025-09-06 20:02:13.236 | DEBUG    | src.dogbot.executor:run:215 - [poll] 1.247459636 t_to_off=Nones inplay=False runners=5
2025-09-06 20:02:13.236 | DEBUG    | src.dogbot.executor:run:215 - [poll] 1.247458598 t_to_off=Nones inplay=False runners=6
2025-09-06 20:02:13.236 | DEBUG    | src.dogbot.executor:run:215 - [poll] 1.247459773 t_to_off=Nones inplay=False runners=6
2025-09-06 20:02:13.236 | DEBUG    | src.dogbot.executor:run:215 - [poll] 1.247460147 t_to_off=Nones inplay=False runners=6
2025-09-06 20:02:13.236 | DEBUG    | src.dogbot.executor:run:215 - [poll] 1.247460187 t_to_off=Nones inplay=False runners=5
2025-09-06 20:02:13.236 | DEBUG    | src.dogbot.executor:run:215 - [poll] 1.247458921 t_to_off=Nones inplay=False runners=5
2025-09-06 20:02:13.236 | DEBUG    | src.dogbot.executor:run:215 - [poll] 1.247459600 t_to_off=Nones inplay=False runners=6
2025-09-06 20:02:13.237 | DEBUG    | src.dogbot.executor:run:215 - [poll] 1.247459638 t_to_off=Nones inplay=False runners=5
2025-09-06 20:02:13.237 | DEBUG    | src.dogbot.executor:run:215 - [poll] 1.247459732 t_to_off=Nones inplay=False runners=5
2025-09-06 20:02:13.237 | DEBUG    | src.dogbot.executor:run:215 - [poll] 1.247459202 t_to_off=Nones inplay=False runners=6
2025-09-06 20:02:13.237 | DEBUG    | src.dogbot.executor:run:215 - [poll] 1.247459775 t_to_off=Nones inplay=False runners=5
2025-09-06 20:02:13.237 | DEBUG    | src.dogbot.executor:run:215 - [poll] 1.247460149 t_to_off=Nones inplay=False runners=5
2025-09-06 20:02:13.237 | DEBUG    | src.dogbot.executor:run:215 - [poll] 1.247460189 t_to_off=Nones inplay=False runners=6
2025-09-06 20:02:13.237 | DEBUG    | src.dogbot.executor:run:215 - [poll] 1.247448791 t_to_off=Nones inplay=False runners=6
2025-09-06 20:02:13.237 | DEBUG    | src.dogbot.executor:run:215 - [poll] 1.247458600 t_to_off=Nones inplay=False runners=5
2025-09-06 20:02:13.237 | DEBUG    | src.dogbot.executor:run:215 - [poll] 1.247458923 t_to_off=Nones inplay=False runners=6
2025-09-06 20:02:13.238 | DEBUG    | src.dogbot.executor:run:215 - [poll] 1.247459734 t_to_off=Nones inplay=False runners=6
2025-09-06 20:02:13.238 | DEBUG    | src.dogbot.executor:run:215 - [poll] 1.247459204 t_to_off=Nones inplay=False runners=5
2025-09-06 20:02:13.238 | DEBUG    | src.dogbot.executor:run:215 - [poll] 1.247459602 t_to_off=Nones inplay=False runners=6
2025-09-06 20:02:13.238 | DEBUG    | src.dogbot.executor:run:215 - [poll] 1.247459640 t_to_off=Nones inplay=False runners=5
2025-09-06 20:02:13.238 | DEBUG    | src.dogbot.executor:run:215 - [poll] 1.247459777 t_to_off=Nones inplay=False runners=5
2025-09-06 20:02:13.238 | DEBUG    | src.dogbot.executor:run:215 - [poll] 1.247448807 t_to_off=Nones inplay=False runners=6
2025-09-06 20:02:13.238 | DEBUG    | src.dogbot.executor:run:215 - [poll] 1.247459736 t_to_off=Nones inplay=False runners=6
2025-09-06 20:02:13.238 | DEBUG    | src.dogbot.executor:run:215 - [poll] 1.247460151 t_to_off=Nones inplay=False runners=6
2025-09-06 20:02:13.238 | DEBUG    | src.dogbot.executor:run:215 - [poll] 1.247460191 t_to_off=Nones inplay=False runners=6
2025-09-06 20:02:13.238 | DEBUG    | src.dogbot.executor:run:215 - [poll] 1.247458602 t_to_off=Nones inplay=False runners=6
2025-09-06 20:02:13.239 | DEBUG    | src.dogbot.executor:run:215 - [poll] 1.247458925 t_to_off=Nones inplay=False runners=6
2025-09-06 20:02:13.239 | DEBUG    | src.dogbot.executor:run:215 - [poll] 1.247459604 t_to_off=Nones inplay=False runners=6
2025-09-06 20:02:13.239 | DEBUG    | src.dogbot.executor:run:215 - [poll] 1.247459642 t_to_off=Nones inplay=False runners=5
2025-09-06 20:02:13.239 | DEBUG    | src.dogbot.executor:run:215 - [poll] 1.247448805 t_to_off=Nones inplay=False runners=6
2025-09-06 20:02:13.239 | DEBUG    | src.dogbot.executor:run:215 - [poll] 1.247459206 t_to_off=Nones inplay=False runners=6
2025-09-06 20:02:13.239 | DEBUG    | src.dogbot.executor:run:215 - [poll] 1.247459779 t_to_off=Nones inplay=False runners=5
2025-09-06 20:02:13.239 | DEBUG    | src.dogbot.executor:run:215 - [poll] 1.247460193 t_to_off=Nones inplay=False runners=5
2025-09-06 20:02:13.239 | DEBUG    | src.dogbot.executor:run:215 - [poll] 1.247458927 t_to_off=Nones inplay=False runners=6
2025-09-06 20:02:13.239 | DEBUG    | src.dogbot.executor:run:215 - [poll] 1.247459644 t_to_off=Nones inplay=False runners=5
2025-09-06 20:02:13.239 | DEBUG    | src.dogbot.executor:run:215 - [poll] 1.247459738 t_to_off=Nones inplay=False runners=6
2025-09-06 20:02:13.240 | DEBUG    | src.dogbot.executor:run:215 - [poll] 1.247460153 t_to_off=Nones inplay=False runners=7
2025-09-06 20:02:13.240 | DEBUG    | src.dogbot.executor:run:215 - [poll] 1.247448801 t_to_off=Nones inplay=False runners=6
2025-09-06 20:02:13.240 | DEBUG    | src.dogbot.executor:run:215 - [poll] 1.247458604 t_to_off=Nones inplay=False runners=6
2025-09-06 20:02:13.240 | DEBUG    | src.dogbot.executor:run:215 - [poll] 1.247459208 t_to_off=Nones inplay=False runners=6
2025-09-06 20:02:13.240 | DEBUG    | src.dogbot.executor:run:215 - [poll] 1.247459606 t_to_off=Nones inplay=False runners=6
2025-09-06 20:02:13.240 | DEBUG    | src.dogbot.executor:run:215 - [poll] 1.247459740 t_to_off=Nones inplay=False runners=5
2025-09-06 20:02:13.240 | DEBUG    | src.dogbot.executor:run:215 - [poll] 1.247459781 t_to_off=Nones inplay=False runners=6
2025-09-06 20:02:13.240 | DEBUG    | src.dogbot.executor:run:215 - [poll] 1.247460155 t_to_off=Nones inplay=False runners=6
2025-09-06 20:02:13.240 | DEBUG    | src.dogbot.executor:run:215 - [poll] 1.247460195 t_to_off=Nones inplay=False runners=7
2025-09-06 20:02:13.240 | DEBUG    | src.dogbot.executor:run:215 - [poll] 1.247458929 t_to_off=Nones inplay=False runners=5
2025-09-06 20:02:13.240 | DEBUG    | src.dogbot.executor:run:215 - [poll] 1.247459646 t_to_off=Nones inplay=False runners=5
2025-09-06 20:02:23.863 | DEBUG    | src.dogbot.executor:run:215 - [poll] 1.247458594 t_to_off=Nones inplay=False runners=6
2025-09-06 20:02:23.863 | DEBUG    | src.dogbot.executor:run:215 - [poll] 1.247459196 t_to_off=Nones inplay=False runners=5
2025-09-06 20:02:23.863 | DEBUG    | src.dogbot.executor:run:215 - [poll] 1.247459594 t_to_off=Nones inplay=False runners=6
2025-09-06 20:02:23.863 | DEBUG    | src.dogbot.executor:run:215 - [poll] 1.247459769 t_to_off=Nones inplay=False runners=6
2025-09-06 20:02:23.863 | DEBUG    | src.dogbot.executor:run:215 - [poll] 1.247459634 t_to_off=Nones inplay=False runners=5
2025-09-06 20:02:23.863 | DEBUG    | src.dogbot.executor:run:215 - [poll] 1.247459728 t_to_off=Nones inplay=False runners=6
2025-09-06 20:02:23.864 | DEBUG    | src.dogbot.executor:run:215 - [poll] 1.247460143 t_to_off=Nones inplay=False runners=7
2025-09-06 20:02:23.864 | DEBUG    | src.dogbot.executor:run:215 - [poll] 1.247460183 t_to_off=Nones inplay=False runners=5
2025-09-06 20:02:23.864 | DEBUG    | src.dogbot.executor:run:215 - [poll] 1.247458917 t_to_off=Nones inplay=False runners=5
2025-09-06 20:02:23.864 | DEBUG    | src.dogbot.executor:run:215 - [poll] 1.247459198 t_to_off=Nones inplay=False runners=6
2025-09-06 20:02:23.864 | DEBUG    | src.dogbot.executor:run:215 - [poll] 1.247459596 t_to_off=Nones inplay=False runners=5
2025-09-06 20:02:23.864 | DEBUG    | src.dogbot.executor:run:215 - [poll] 1.247459771 t_to_off=Nones inplay=False runners=6
2025-09-06 20:02:23.864 | DEBUG    | src.dogbot.executor:run:215 - [poll] 1.247458596 t_to_off=Nones inplay=False runners=6
2025-09-06 20:02:23.864 | DEBUG    | src.dogbot.executor:run:215 - [poll] 1.247459730 t_to_off=Nones inplay=False runners=5
2025-09-06 20:02:23.864 | DEBUG    | src.dogbot.executor:run:215 - [poll] 1.247460145 t_to_off=Nones inplay=False runners=5
2025-09-06 20:02:23.864 | DEBUG    | src.dogbot.executor:run:215 - [poll] 1.247460185 t_to_off=Nones inplay=False runners=6
2025-09-06 20:02:23.864 | DEBUG    | src.dogbot.executor:run:215 - [poll] 1.247458919 t_to_off=Nones inplay=False runners=5
2025-09-06 20:02:23.865 | DEBUG    | src.dogbot.executor:run:215 - [poll] 1.247459200 t_to_off=Nones inplay=False runners=6
2025-09-06 20:02:23.865 | DEBUG    | src.dogbot.executor:run:215 - [poll] 1.247459598 t_to_off=Nones inplay=False runners=6
2025-09-06 20:02:23.865 | DEBUG    | src.dogbot.executor:run:215 - [poll] 1.247459636 t_to_off=Nones inplay=False runners=5
2025-09-06 20:02:23.865 | DEBUG    | src.dogbot.executor:run:215 - [poll] 1.247458598 t_to_off=Nones inplay=False runners=6
2025-09-06 20:02:23.865 | DEBUG    | src.dogbot.executor:run:215 - [poll] 1.247459773 t_to_off=Nones inplay=False runners=6
2025-09-06 20:02:23.865 | DEBUG    | src.dogbot.executor:run:215 - [poll] 1.247460147 t_to_off=Nones inplay=False runners=6
2025-09-06 20:02:23.865 | DEBUG    | src.dogbot.executor:run:215 - [poll] 1.247460187 t_to_off=Nones inplay=False runners=5
2025-09-06 20:02:23.865 | DEBUG    | src.dogbot.executor:run:215 - [poll] 1.247458921 t_to_off=Nones inplay=False runners=5
2025-09-06 20:02:23.865 | DEBUG    | src.dogbot.executor:run:215 - [poll] 1.247459600 t_to_off=Nones inplay=False runners=6
2025-09-06 20:02:23.866 | DEBUG    | src.dogbot.executor:run:215 - [poll] 1.247459638 t_to_off=Nones inplay=False runners=5
2025-09-06 20:02:23.866 | DEBUG    | src.dogbot.executor:run:215 - [poll] 1.247459732 t_to_off=Nones inplay=False runners=5
2025-09-06 20:02:23.866 | DEBUG    | src.dogbot.executor:run:215 - [poll] 1.247459202 t_to_off=Nones inplay=False runners=6
2025-09-06 20:02:23.866 | DEBUG    | src.dogbot.executor:run:215 - [poll] 1.247459775 t_to_off=Nones inplay=False runners=5
2025-09-06 20:02:23.866 | DEBUG    | src.dogbot.executor:run:215 - [poll] 1.247460149 t_to_off=Nones inplay=False runners=5
2025-09-06 20:02:23.866 | DEBUG    | src.dogbot.executor:run:215 - [poll] 1.247460189 t_to_off=Nones inplay=False runners=6
2025-09-06 20:02:23.866 | DEBUG    | src.dogbot.executor:run:215 - [poll] 1.247448791 t_to_off=Nones inplay=False runners=6
2025-09-06 20:02:23.866 | DEBUG    | src.dogbot.executor:run:215 - [poll] 1.247458600 t_to_off=Nones inplay=False runners=5
2025-09-06 20:02:23.866 | DEBUG    | src.dogbot.executor:run:215 - [poll] 1.247458923 t_to_off=Nones inplay=False runners=6
2025-09-06 20:02:23.866 | DEBUG    | src.dogbot.executor:run:215 - [poll] 1.247459734 t_to_off=Nones inplay=False runners=6
2025-09-06 20:02:23.867 | DEBUG    | src.dogbot.executor:run:215 - [poll] 1.247459204 t_to_off=Nones inplay=False runners=5
2025-09-06 20:02:23.867 | DEBUG    | src.dogbot.executor:run:215 - [poll] 1.247459602 t_to_off=Nones inplay=False runners=6
2025-09-06 20:02:23.867 | DEBUG    | src.dogbot.executor:run:215 - [poll] 1.247459640 t_to_off=Nones inplay=False runners=5
2025-09-06 20:02:23.867 | DEBUG    | src.dogbot.executor:run:215 - [poll] 1.247459777 t_to_off=Nones inplay=False runners=5
2025-09-06 20:02:23.867 | DEBUG    | src.dogbot.executor:run:215 - [poll] 1.247448807 t_to_off=Nones inplay=False runners=6
2025-09-06 20:02:23.867 | DEBUG    | src.dogbot.executor:run:215 - [poll] 1.247459736 t_to_off=Nones inplay=False runners=6
2025-09-06 20:02:23.867 | DEBUG    | src.dogbot.executor:run:215 - [poll] 1.247460151 t_to_off=Nones inplay=False runners=6
2025-09-06 20:02:23.867 | DEBUG    | src.dogbot.executor:run:215 - [poll] 1.247460191 t_to_off=Nones inplay=False runners=6
2025-09-06 20:02:23.867 | DEBUG    | src.dogbot.executor:run:215 - [poll] 1.247458602 t_to_off=Nones inplay=False runners=6
2025-09-06 20:02:23.867 | DEBUG    | src.dogbot.executor:run:215 - [poll] 1.247458925 t_to_off=Nones inplay=False runners=6
2025-09-06 20:02:23.868 | DEBUG    | src.dogbot.executor:run:215 - [poll] 1.247459604 t_to_off=Nones inplay=False runners=6
2025-09-06 20:02:23.868 | DEBUG    | src.dogbot.executor:run:215 - [poll] 1.247459642 t_to_off=Nones inplay=False runners=5
2025-09-06 20:02:23.868 | DEBUG    | src.dogbot.executor:run:215 - [poll] 1.247448805 t_to_off=Nones inplay=False runners=6
2025-09-06 20:02:23.868 | DEBUG    | src.dogbot.executor:run:215 - [poll] 1.247459206 t_to_off=Nones inplay=False runners=6
2025-09-06 20:02:23.868 | DEBUG    | src.dogbot.executor:run:215 - [poll] 1.247459779 t_to_off=Nones inplay=False runners=5
2025-09-06 20:02:23.868 | DEBUG    | src.dogbot.executor:run:215 - [poll] 1.247460193 t_to_off=Nones inplay=False runners=5
2025-09-06 20:02:23.868 | DEBUG    | src.dogbot.executor:run:215 - [poll] 1.247458927 t_to_off=Nones inplay=False runners=6
2025-09-06 20:02:23.868 | DEBUG    | src.dogbot.executor:run:215 - [poll] 1.247459644 t_to_off=Nones inplay=False runners=5
2025-09-06 20:02:23.868 | DEBUG    | src.dogbot.executor:run:215 - [poll] 1.247459738 t_to_off=Nones inplay=False runners=6
2025-09-06 20:02:23.869 | DEBUG    | src.dogbot.executor:run:215 - [poll] 1.247460153 t_to_off=Nones inplay=False runners=7
2025-09-06 20:02:23.869 | DEBUG    | src.dogbot.executor:run:215 - [poll] 1.247448801 t_to_off=Nones inplay=False runners=6
2025-09-06 20:02:23.869 | DEBUG    | src.dogbot.executor:run:215 - [poll] 1.247458604 t_to_off=Nones inplay=False runners=6
2025-09-06 20:02:23.869 | DEBUG    | src.dogbot.executor:run:215 - [poll] 1.247459208 t_to_off=Nones inplay=False runners=6
2025-09-06 20:02:23.869 | DEBUG    | src.dogbot.executor:run:215 - [poll] 1.247459606 t_to_off=Nones inplay=False runners=6
2025-09-06 20:02:23.869 | DEBUG    | src.dogbot.executor:run:215 - [poll] 1.247459740 t_to_off=Nones inplay=False runners=5
2025-09-06 20:02:23.869 | DEBUG    | src.dogbot.executor:run:215 - [poll] 1.247459781 t_to_off=Nones inplay=False runners=6
2025-09-06 20:02:23.869 | DEBUG    | src.dogbot.executor:run:215 - [poll] 1.247460155 t_to_off=Nones inplay=False runners=6
2025-09-06 20:02:23.869 | DEBUG    | src.dogbot.executor:run:215 - [poll] 1.247460195 t_to_off=Nones inplay=False runners=7
2025-09-06 20:02:23.869 | DEBUG    | src.dogbot.executor:run:215 - [poll] 1.247458929 t_to_off=Nones inplay=False runners=5
2025-09-06 20:02:23.869 | DEBUG    | src.dogbot.executor:run:215 - [poll] 1.247459646 t_to_off=Nones inplay=False runners=5
2025-09-06 20:02:33.990 | DEBUG    | src.dogbot.executor:run:215 - [poll] 1.247458594 t_to_off=Nones inplay=False runners=6
2025-09-06 20:02:33.990 | DEBUG    | src.dogbot.executor:run:215 - [poll] 1.247459196 t_to_off=Nones inplay=False runners=5
2025-09-06 20:02:33.990 | DEBUG    | src.dogbot.executor:run:215 - [poll] 1.247459594 t_to_off=Nones inplay=False runners=6
2025-09-06 20:02:33.990 | DEBUG    | src.dogbot.executor:run:215 - [poll] 1.247459769 t_to_off=Nones inplay=False runners=6
2025-09-06 20:02:33.990 | DEBUG    | src.dogbot.executor:run:215 - [poll] 1.247459634 t_to_off=Nones inplay=False runners=5
2025-09-06 20:02:33.990 | DEBUG    | src.dogbot.executor:run:215 - [poll] 1.247459728 t_to_off=Nones inplay=False runners=6
2025-09-06 20:02:33.990 | DEBUG    | src.dogbot.executor:run:215 - [poll] 1.247460143 t_to_off=Nones inplay=False runners=7
2025-09-06 20:02:33.990 | DEBUG    | src.dogbot.executor:run:215 - [poll] 1.247460183 t_to_off=Nones inplay=False runners=5
2025-09-06 20:02:33.990 | DEBUG    | src.dogbot.executor:run:215 - [poll] 1.247458917 t_to_off=Nones inplay=False runners=5
2025-09-06 20:02:33.990 | DEBUG    | src.dogbot.executor:run:215 - [poll] 1.247459198 t_to_off=Nones inplay=False runners=6
2025-09-06 20:02:33.991 | DEBUG    | src.dogbot.executor:run:215 - [poll] 1.247459596 t_to_off=Nones inplay=False runners=5
2025-09-06 20:02:33.991 | DEBUG    | src.dogbot.executor:run:215 - [poll] 1.247459771 t_to_off=Nones inplay=False runners=6
2025-09-06 20:02:33.991 | DEBUG    | src.dogbot.executor:run:215 - [poll] 1.247458596 t_to_off=Nones inplay=False runners=6
2025-09-06 20:02:33.991 | DEBUG    | src.dogbot.executor:run:215 - [poll] 1.247459730 t_to_off=Nones inplay=False runners=5
2025-09-06 20:02:33.991 | DEBUG    | src.dogbot.executor:run:215 - [poll] 1.247460145 t_to_off=Nones inplay=False runners=5
2025-09-06 20:02:33.991 | DEBUG    | src.dogbot.executor:run:215 - [poll] 1.247460185 t_to_off=Nones inplay=False runners=6
2025-09-06 20:02:33.991 | DEBUG    | src.dogbot.executor:run:215 - [poll] 1.247458919 t_to_off=Nones inplay=False runners=5
2025-09-06 20:02:33.991 | DEBUG    | src.dogbot.executor:run:215 - [poll] 1.247459200 t_to_off=Nones inplay=False runners=6
2025-09-06 20:02:33.991 | DEBUG    | src.dogbot.executor:run:215 - [poll] 1.247459598 t_to_off=Nones inplay=False runners=6
2025-09-06 20:02:33.992 | DEBUG    | src.dogbot.executor:run:215 - [poll] 1.247459636 t_to_off=Nones inplay=False runners=5
2025-09-06 20:02:33.992 | DEBUG    | src.dogbot.executor:run:215 - [poll] 1.247458598 t_to_off=Nones inplay=False runners=6
2025-09-06 20:02:33.992 | DEBUG    | src.dogbot.executor:run:215 - [poll] 1.247459773 t_to_off=Nones inplay=False runners=6
2025-09-06 20:02:33.992 | DEBUG    | src.dogbot.executor:run:215 - [poll] 1.247460147 t_to_off=Nones inplay=False runners=6
2025-09-06 20:02:33.992 | DEBUG    | src.dogbot.executor:run:215 - [poll] 1.247460187 t_to_off=Nones inplay=False runners=5
2025-09-06 20:02:33.992 | DEBUG    | src.dogbot.executor:run:215 - [poll] 1.247458921 t_to_off=Nones inplay=False runners=5
2025-09-06 20:02:33.992 | DEBUG    | src.dogbot.executor:run:215 - [poll] 1.247459600 t_to_off=Nones inplay=False runners=6
2025-09-06 20:02:33.992 | DEBUG    | src.dogbot.executor:run:215 - [poll] 1.247459638 t_to_off=Nones inplay=False runners=5
2025-09-06 20:02:33.992 | DEBUG    | src.dogbot.executor:run:215 - [poll] 1.247459732 t_to_off=Nones inplay=False runners=5
2025-09-06 20:02:33.992 | DEBUG    | src.dogbot.executor:run:215 - [poll] 1.247459202 t_to_off=Nones inplay=False runners=6
2025-09-06 20:02:33.993 | DEBUG    | src.dogbot.executor:run:215 - [poll] 1.247459775 t_to_off=Nones inplay=False runners=5
2025-09-06 20:02:33.993 | DEBUG    | src.dogbot.executor:run:215 - [poll] 1.247460149 t_to_off=Nones inplay=False runners=5
2025-09-06 20:02:33.993 | DEBUG    | src.dogbot.executor:run:215 - [poll] 1.247460189 t_to_off=Nones inplay=False runners=6
2025-09-06 20:02:33.993 | DEBUG    | src.dogbot.executor:run:215 - [poll] 1.247448791 t_to_off=Nones inplay=False runners=6
2025-09-06 20:02:33.993 | DEBUG    | src.dogbot.executor:run:215 - [poll] 1.247458600 t_to_off=Nones inplay=False runners=5
2025-09-06 20:02:33.993 | DEBUG    | src.dogbot.executor:run:215 - [poll] 1.247458923 t_to_off=Nones inplay=False runners=6
2025-09-06 20:02:33.993 | DEBUG    | src.dogbot.executor:run:215 - [poll] 1.247459734 t_to_off=Nones inplay=False runners=6
2025-09-06 20:02:33.993 | DEBUG    | src.dogbot.executor:run:215 - [poll] 1.247459204 t_to_off=Nones inplay=False runners=5
2025-09-06 20:02:33.993 | DEBUG    | src.dogbot.executor:run:215 - [poll] 1.247459602 t_to_off=Nones inplay=False runners=6
2025-09-06 20:02:33.993 | DEBUG    | src.dogbot.executor:run:215 - [poll] 1.247459640 t_to_off=Nones inplay=False runners=5
2025-09-06 20:02:33.994 | DEBUG    | src.dogbot.executor:run:215 - [poll] 1.247459777 t_to_off=Nones inplay=False runners=5
2025-09-06 20:02:33.994 | DEBUG    | src.dogbot.executor:run:215 - [poll] 1.247448807 t_to_off=Nones inplay=False runners=6
2025-09-06 20:02:33.994 | DEBUG    | src.dogbot.executor:run:215 - [poll] 1.247459736 t_to_off=Nones inplay=False runners=6
2025-09-06 20:02:33.994 | DEBUG    | src.dogbot.executor:run:215 - [poll] 1.247460151 t_to_off=Nones inplay=False runners=6
2025-09-06 20:02:33.994 | DEBUG    | src.dogbot.executor:run:215 - [poll] 1.247460191 t_to_off=Nones inplay=False runners=6
2025-09-06 20:02:33.994 | DEBUG    | src.dogbot.executor:run:215 - [poll] 1.247458602 t_to_off=Nones inplay=False runners=6
2025-09-06 20:02:33.994 | DEBUG    | src.dogbot.executor:run:215 - [poll] 1.247458925 t_to_off=Nones inplay=False runners=6
2025-09-06 20:02:33.994 | DEBUG    | src.dogbot.executor:run:215 - [poll] 1.247459604 t_to_off=Nones inplay=False runners=6
2025-09-06 20:02:33.994 | DEBUG    | src.dogbot.executor:run:215 - [poll] 1.247459642 t_to_off=Nones inplay=False runners=5
2025-09-06 20:02:33.994 | DEBUG    | src.dogbot.executor:run:215 - [poll] 1.247448805 t_to_off=Nones inplay=False runners=6
2025-09-06 20:02:33.995 | DEBUG    | src.dogbot.executor:run:215 - [poll] 1.247459206 t_to_off=Nones inplay=False runners=6
2025-09-06 20:02:33.995 | DEBUG    | src.dogbot.executor:run:215 - [poll] 1.247459779 t_to_off=Nones inplay=False runners=5
2025-09-06 20:02:33.995 | DEBUG    | src.dogbot.executor:run:215 - [poll] 1.247460193 t_to_off=Nones inplay=False runners=5
2025-09-06 20:02:33.995 | DEBUG    | src.dogbot.executor:run:215 - [poll] 1.247458927 t_to_off=Nones inplay=False runners=6
2025-09-06 20:02:33.995 | DEBUG    | src.dogbot.executor:run:215 - [poll] 1.247459644 t_to_off=Nones inplay=False runners=5
2025-09-06 20:02:33.995 | DEBUG    | src.dogbot.executor:run:215 - [poll] 1.247459738 t_to_off=Nones inplay=False runners=6
2025-09-06 20:02:33.995 | DEBUG    | src.dogbot.executor:run:215 - [poll] 1.247460153 t_to_off=Nones inplay=False runners=7
2025-09-06 20:02:33.995 | DEBUG    | src.dogbot.executor:run:215 - [poll] 1.247448801 t_to_off=Nones inplay=False runners=6
2025-09-06 20:02:33.995 | DEBUG    | src.dogbot.executor:run:215 - [poll] 1.247458604 t_to_off=Nones inplay=False runners=6
2025-09-06 20:02:33.995 | DEBUG    | src.dogbot.executor:run:215 - [poll] 1.247459208 t_to_off=Nones inplay=False runners=6
2025-09-06 20:02:33.996 | DEBUG    | src.dogbot.executor:run:215 - [poll] 1.247459606 t_to_off=Nones inplay=False runners=6
2025-09-06 20:02:33.996 | DEBUG    | src.dogbot.executor:run:215 - [poll] 1.247459740 t_to_off=Nones inplay=False runners=5
2025-09-06 20:02:33.996 | DEBUG    | src.dogbot.executor:run:215 - [poll] 1.247459781 t_to_off=Nones inplay=False runners=6
2025-09-06 20:02:33.996 | DEBUG    | src.dogbot.executor:run:215 - [poll] 1.247460155 t_to_off=Nones inplay=False runners=6
2025-09-06 20:02:33.996 | DEBUG    | src.dogbot.executor:run:215 - [poll] 1.247460195 t_to_off=Nones inplay=False runners=7
2025-09-06 20:02:33.996 | DEBUG    | src.dogbot.executor:run:215 - [poll] 1.247458929 t_to_off=Nones inplay=False runners=5
2025-09-06 20:02:33.996 | DEBUG    | src.dogbot.executor:run:215 - [poll] 1.247459646 t_to_off=Nones inplay=False runners=5
2025-09-06 20:02:44.081 | DEBUG    | src.dogbot.executor:run:215 - [poll] 1.247458594 t_to_off=Nones inplay=False runners=6
2025-09-06 20:02:44.081 | DEBUG    | src.dogbot.executor:run:215 - [poll] 1.247459196 t_to_off=Nones inplay=False runners=5
2025-09-06 20:02:44.082 | DEBUG    | src.dogbot.executor:run:215 - [poll] 1.247459594 t_to_off=Nones inplay=False runners=6
2025-09-06 20:02:44.082 | DEBUG    | src.dogbot.executor:run:215 - [poll] 1.247459769 t_to_off=Nones inplay=False runners=6
2025-09-06 20:02:44.082 | DEBUG    | src.dogbot.executor:run:215 - [poll] 1.247459634 t_to_off=Nones inplay=False runners=5
2025-09-06 20:02:44.082 | DEBUG    | src.dogbot.executor:run:215 - [poll] 1.247459728 t_to_off=Nones inplay=False runners=6
2025-09-06 20:02:44.083 | DEBUG    | src.dogbot.executor:run:215 - [poll] 1.247460143 t_to_off=Nones inplay=False runners=7
2025-09-06 20:02:44.083 | DEBUG    | src.dogbot.executor:run:215 - [poll] 1.247460183 t_to_off=Nones inplay=False runners=5
2025-09-06 20:02:44.083 | DEBUG    | src.dogbot.executor:run:215 - [poll] 1.247458917 t_to_off=Nones inplay=False runners=5
2025-09-06 20:02:44.083 | DEBUG    | src.dogbot.executor:run:215 - [poll] 1.247459198 t_to_off=Nones inplay=False runners=6
2025-09-06 20:02:44.083 | DEBUG    | src.dogbot.executor:run:215 - [poll] 1.247459596 t_to_off=Nones inplay=False runners=5
2025-09-06 20:02:44.084 | DEBUG    | src.dogbot.executor:run:215 - [poll] 1.247459771 t_to_off=Nones inplay=False runners=6
2025-09-06 20:02:44.084 | DEBUG    | src.dogbot.executor:run:215 - [poll] 1.247458596 t_to_off=Nones inplay=False runners=6
2025-09-06 20:02:44.084 | DEBUG    | src.dogbot.executor:run:215 - [poll] 1.247459730 t_to_off=Nones inplay=False runners=5
2025-09-06 20:02:44.084 | DEBUG    | src.dogbot.executor:run:215 - [poll] 1.247460145 t_to_off=Nones inplay=False runners=5
2025-09-06 20:02:44.085 | DEBUG    | src.dogbot.executor:run:215 - [poll] 1.247460185 t_to_off=Nones inplay=False runners=6
2025-09-06 20:02:44.085 | DEBUG    | src.dogbot.executor:run:215 - [poll] 1.247458919 t_to_off=Nones inplay=False runners=5
2025-09-06 20:02:44.085 | DEBUG    | src.dogbot.executor:run:215 - [poll] 1.247459200 t_to_off=Nones inplay=False runners=6
2025-09-06 20:02:44.085 | DEBUG    | src.dogbot.executor:run:215 - [poll] 1.247459598 t_to_off=Nones inplay=False runners=6
2025-09-06 20:02:44.086 | DEBUG    | src.dogbot.executor:run:215 - [poll] 1.247459636 t_to_off=Nones inplay=False runners=5
2025-09-06 20:02:44.086 | DEBUG    | src.dogbot.executor:run:215 - [poll] 1.247458598 t_to_off=Nones inplay=False runners=6
2025-09-06 20:02:44.086 | DEBUG    | src.dogbot.executor:run:215 - [poll] 1.247459773 t_to_off=Nones inplay=False runners=6
2025-09-06 20:02:44.086 | DEBUG    | src.dogbot.executor:run:215 - [poll] 1.247460147 t_to_off=Nones inplay=False runners=6
2025-09-06 20:02:44.087 | DEBUG    | src.dogbot.executor:run:215 - [poll] 1.247460187 t_to_off=Nones inplay=False runners=5
2025-09-06 20:02:44.087 | DEBUG    | src.dogbot.executor:run:215 - [poll] 1.247458921 t_to_off=Nones inplay=False runners=5
2025-09-06 20:02:44.087 | DEBUG    | src.dogbot.executor:run:215 - [poll] 1.247459600 t_to_off=Nones inplay=False runners=6
2025-09-06 20:02:44.087 | DEBUG    | src.dogbot.executor:run:215 - [poll] 1.247459638 t_to_off=Nones inplay=False runners=5
2025-09-06 20:02:44.087 | DEBUG    | src.dogbot.executor:run:215 - [poll] 1.247459732 t_to_off=Nones inplay=False runners=5
2025-09-06 20:02:44.088 | DEBUG    | src.dogbot.executor:run:215 - [poll] 1.247459202 t_to_off=Nones inplay=False runners=6
2025-09-06 20:02:44.088 | DEBUG    | src.dogbot.executor:run:215 - [poll] 1.247459775 t_to_off=Nones inplay=False runners=5
2025-09-06 20:02:44.088 | DEBUG    | src.dogbot.executor:run:215 - [poll] 1.247460149 t_to_off=Nones inplay=False runners=5
2025-09-06 20:02:44.088 | DEBUG    | src.dogbot.executor:run:215 - [poll] 1.247460189 t_to_off=Nones inplay=False runners=6
2025-09-06 20:02:44.089 | DEBUG    | src.dogbot.executor:run:215 - [poll] 1.247448791 t_to_off=Nones inplay=False runners=6
2025-09-06 20:02:44.089 | DEBUG    | src.dogbot.executor:run:215 - [poll] 1.247458600 t_to_off=Nones inplay=False runners=5
2025-09-06 20:02:44.089 | DEBUG    | src.dogbot.executor:run:215 - [poll] 1.247458923 t_to_off=Nones inplay=False runners=6
2025-09-06 20:02:44.089 | DEBUG    | src.dogbot.executor:run:215 - [poll] 1.247459734 t_to_off=Nones inplay=False runners=6
2025-09-06 20:02:44.089 | DEBUG    | src.dogbot.executor:run:215 - [poll] 1.247459204 t_to_off=Nones inplay=False runners=5
2025-09-06 20:02:44.089 | DEBUG    | src.dogbot.executor:run:215 - [poll] 1.247459602 t_to_off=Nones inplay=False runners=6
2025-09-06 20:02:44.089 | DEBUG    | src.dogbot.executor:run:215 - [poll] 1.247459640 t_to_off=Nones inplay=False runners=5
2025-09-06 20:02:44.090 | DEBUG    | src.dogbot.executor:run:215 - [poll] 1.247459777 t_to_off=Nones inplay=False runners=5
2025-09-06 20:02:44.090 | DEBUG    | src.dogbot.executor:run:215 - [poll] 1.247448807 t_to_off=Nones inplay=False runners=6
2025-09-06 20:02:44.090 | DEBUG    | src.dogbot.executor:run:215 - [poll] 1.247459736 t_to_off=Nones inplay=False runners=6
2025-09-06 20:02:44.090 | DEBUG    | src.dogbot.executor:run:215 - [poll] 1.247460151 t_to_off=Nones inplay=False runners=6
2025-09-06 20:02:44.090 | DEBUG    | src.dogbot.executor:run:215 - [poll] 1.247460191 t_to_off=Nones inplay=False runners=6
2025-09-06 20:02:44.090 | DEBUG    | src.dogbot.executor:run:215 - [poll] 1.247458602 t_to_off=Nones inplay=False runners=6
2025-09-06 20:02:44.090 | DEBUG    | src.dogbot.executor:run:215 - [poll] 1.247458925 t_to_off=Nones inplay=False runners=6
2025-09-06 20:02:44.090 | DEBUG    | src.dogbot.executor:run:215 - [poll] 1.247459604 t_to_off=Nones inplay=False runners=6
2025-09-06 20:02:44.090 | DEBUG    | src.dogbot.executor:run:215 - [poll] 1.247459642 t_to_off=Nones inplay=False runners=5
2025-09-06 20:02:44.090 | DEBUG    | src.dogbot.executor:run:215 - [poll] 1.247448805 t_to_off=Nones inplay=False runners=6
2025-09-06 20:02:44.090 | DEBUG    | src.dogbot.executor:run:215 - [poll] 1.247459206 t_to_off=Nones inplay=False runners=6
2025-09-06 20:02:44.091 | DEBUG    | src.dogbot.executor:run:215 - [poll] 1.247459779 t_to_off=Nones inplay=False runners=5
2025-09-06 20:02:44.091 | DEBUG    | src.dogbot.executor:run:215 - [poll] 1.247460193 t_to_off=Nones inplay=False runners=5
2025-09-06 20:02:44.091 | DEBUG    | src.dogbot.executor:run:215 - [poll] 1.247458927 t_to_off=Nones inplay=False runners=6
2025-09-06 20:02:44.091 | DEBUG    | src.dogbot.executor:run:215 - [poll] 1.247459644 t_to_off=Nones inplay=False runners=5
2025-09-06 20:02:44.091 | DEBUG    | src.dogbot.executor:run:215 - [poll] 1.247459738 t_to_off=Nones inplay=False runners=6
2025-09-06 20:02:44.091 | DEBUG    | src.dogbot.executor:run:215 - [poll] 1.247460153 t_to_off=Nones inplay=False runners=7
2025-09-06 20:02:44.091 | DEBUG    | src.dogbot.executor:run:215 - [poll] 1.247448801 t_to_off=Nones inplay=False runners=6
2025-09-06 20:02:44.091 | DEBUG    | src.dogbot.executor:run:215 - [poll] 1.247458604 t_to_off=Nones inplay=False runners=6
2025-09-06 20:02:44.091 | DEBUG    | src.dogbot.executor:run:215 - [poll] 1.247459208 t_to_off=Nones inplay=False runners=6
2025-09-06 20:02:44.091 | DEBUG    | src.dogbot.executor:run:215 - [poll] 1.247459606 t_to_off=Nones inplay=False runners=6
2025-09-06 20:02:44.092 | DEBUG    | src.dogbot.executor:run:215 - [poll] 1.247459740 t_to_off=Nones inplay=False runners=5
2025-09-06 20:02:44.092 | DEBUG    | src.dogbot.executor:run:215 - [poll] 1.247459781 t_to_off=Nones inplay=False runners=6
2025-09-06 20:02:44.092 | DEBUG    | src.dogbot.executor:run:215 - [poll] 1.247460155 t_to_off=Nones inplay=False runners=6
2025-09-06 20:02:44.092 | DEBUG    | src.dogbot.executor:run:215 - [poll] 1.247460195 t_to_off=Nones inplay=False runners=7
2025-09-06 20:02:44.092 | DEBUG    | src.dogbot.executor:run:215 - [poll] 1.247458929 t_to_off=Nones inplay=False runners=5
2025-09-06 20:02:44.092 | DEBUG    | src.dogbot.executor:run:215 - [poll] 1.247459646 t_to_off=Nones inplay=False runners=5
2025-09-06 20:02:54.275 | DEBUG    | src.dogbot.executor:run:215 - [poll] 1.247458594 t_to_off=Nones inplay=False runners=6
2025-09-06 20:02:54.276 | DEBUG    | src.dogbot.executor:run:215 - [poll] 1.247459196 t_to_off=Nones inplay=False runners=5
2025-09-06 20:02:54.276 | DEBUG    | src.dogbot.executor:run:215 - [poll] 1.247459594 t_to_off=Nones inplay=False runners=6
2025-09-06 20:02:54.276 | DEBUG    | src.dogbot.executor:run:215 - [poll] 1.247459769 t_to_off=Nones inplay=False runners=6
2025-09-06 20:02:54.276 | DEBUG    | src.dogbot.executor:run:215 - [poll] 1.247459634 t_to_off=Nones inplay=False runners=5
2025-09-06 20:02:54.276 | DEBUG    | src.dogbot.executor:run:215 - [poll] 1.247459728 t_to_off=Nones inplay=False runners=6
2025-09-06 20:02:54.277 | DEBUG    | src.dogbot.executor:run:215 - [poll] 1.247460143 t_to_off=Nones inplay=False runners=7
2025-09-06 20:02:54.277 | DEBUG    | src.dogbot.executor:run:215 - [poll] 1.247460183 t_to_off=Nones inplay=False runners=5
2025-09-06 20:02:54.277 | DEBUG    | src.dogbot.executor:run:215 - [poll] 1.247458917 t_to_off=Nones inplay=False runners=5
2025-09-06 20:02:54.277 | DEBUG    | src.dogbot.executor:run:215 - [poll] 1.247459198 t_to_off=Nones inplay=False runners=6
2025-09-06 20:02:54.277 | DEBUG    | src.dogbot.executor:run:215 - [poll] 1.247459596 t_to_off=Nones inplay=False runners=5
2025-09-06 20:02:54.277 | DEBUG    | src.dogbot.executor:run:215 - [poll] 1.247459771 t_to_off=Nones inplay=False runners=6
2025-09-06 20:02:54.277 | DEBUG    | src.dogbot.executor:run:215 - [poll] 1.247458596 t_to_off=Nones inplay=False runners=6
2025-09-06 20:02:54.277 | DEBUG    | src.dogbot.executor:run:215 - [poll] 1.247459730 t_to_off=Nones inplay=False runners=5
2025-09-06 20:02:54.277 | DEBUG    | src.dogbot.executor:run:215 - [poll] 1.247460145 t_to_off=Nones inplay=False runners=5
2025-09-06 20:02:54.278 | DEBUG    | src.dogbot.executor:run:215 - [poll] 1.247460185 t_to_off=Nones inplay=False runners=6
2025-09-06 20:02:54.278 | DEBUG    | src.dogbot.executor:run:215 - [poll] 1.247458919 t_to_off=Nones inplay=False runners=5
2025-09-06 20:02:54.278 | DEBUG    | src.dogbot.executor:run:215 - [poll] 1.247459200 t_to_off=Nones inplay=False runners=6
2025-09-06 20:02:54.278 | DEBUG    | src.dogbot.executor:run:215 - [poll] 1.247459598 t_to_off=Nones inplay=False runners=6
2025-09-06 20:02:54.278 | DEBUG    | src.dogbot.executor:run:215 - [poll] 1.247459636 t_to_off=Nones inplay=False runners=5
2025-09-06 20:02:54.278 | DEBUG    | src.dogbot.executor:run:215 - [poll] 1.247458598 t_to_off=Nones inplay=False runners=6
2025-09-06 20:02:54.278 | DEBUG    | src.dogbot.executor:run:215 - [poll] 1.247459773 t_to_off=Nones inplay=False runners=6
2025-09-06 20:02:54.278 | DEBUG    | src.dogbot.executor:run:215 - [poll] 1.247460147 t_to_off=Nones inplay=False runners=6
2025-09-06 20:02:54.278 | DEBUG    | src.dogbot.executor:run:215 - [poll] 1.247460187 t_to_off=Nones inplay=False runners=5
2025-09-06 20:02:54.278 | DEBUG    | src.dogbot.executor:run:215 - [poll] 1.247458921 t_to_off=Nones inplay=False runners=5
2025-09-06 20:02:54.279 | DEBUG    | src.dogbot.executor:run:215 - [poll] 1.247459600 t_to_off=Nones inplay=False runners=6
2025-09-06 20:02:54.279 | DEBUG    | src.dogbot.executor:run:215 - [poll] 1.247459638 t_to_off=Nones inplay=False runners=5
2025-09-06 20:02:54.279 | DEBUG    | src.dogbot.executor:run:215 - [poll] 1.247459732 t_to_off=Nones inplay=False runners=5
2025-09-06 20:02:54.279 | DEBUG    | src.dogbot.executor:run:215 - [poll] 1.247459202 t_to_off=Nones inplay=False runners=6
2025-09-06 20:02:54.279 | DEBUG    | src.dogbot.executor:run:215 - [poll] 1.247459775 t_to_off=Nones inplay=False runners=5
2025-09-06 20:02:54.279 | DEBUG    | src.dogbot.executor:run:215 - [poll] 1.247460149 t_to_off=Nones inplay=False runners=5
2025-09-06 20:02:54.279 | DEBUG    | src.dogbot.executor:run:215 - [poll] 1.247460189 t_to_off=Nones inplay=False runners=6
2025-09-06 20:02:54.279 | DEBUG    | src.dogbot.executor:run:215 - [poll] 1.247448791 t_to_off=Nones inplay=False runners=6
2025-09-06 20:02:54.279 | DEBUG    | src.dogbot.executor:run:215 - [poll] 1.247458600 t_to_off=Nones inplay=False runners=5
2025-09-06 20:02:54.279 | DEBUG    | src.dogbot.executor:run:215 - [poll] 1.247458923 t_to_off=Nones inplay=False runners=6
2025-09-06 20:02:54.279 | DEBUG    | src.dogbot.executor:run:215 - [poll] 1.247459734 t_to_off=Nones inplay=False runners=6
2025-09-06 20:02:54.280 | DEBUG    | src.dogbot.executor:run:215 - [poll] 1.247459204 t_to_off=Nones inplay=False runners=5
2025-09-06 20:02:54.280 | DEBUG    | src.dogbot.executor:run:215 - [poll] 1.247459602 t_to_off=Nones inplay=False runners=6
2025-09-06 20:02:54.280 | DEBUG    | src.dogbot.executor:run:215 - [poll] 1.247459640 t_to_off=Nones inplay=False runners=5
2025-09-06 20:02:54.280 | DEBUG    | src.dogbot.executor:run:215 - [poll] 1.247459777 t_to_off=Nones inplay=False runners=5
2025-09-06 20:02:54.280 | DEBUG    | src.dogbot.executor:run:215 - [poll] 1.247448807 t_to_off=Nones inplay=False runners=6
2025-09-06 20:02:54.280 | DEBUG    | src.dogbot.executor:run:215 - [poll] 1.247459736 t_to_off=Nones inplay=False runners=6
2025-09-06 20:02:54.280 | DEBUG    | src.dogbot.executor:run:215 - [poll] 1.247460151 t_to_off=Nones inplay=False runners=6
2025-09-06 20:02:54.280 | DEBUG    | src.dogbot.executor:run:215 - [poll] 1.247460191 t_to_off=Nones inplay=False runners=6
2025-09-06 20:02:54.280 | DEBUG    | src.dogbot.executor:run:215 - [poll] 1.247458602 t_to_off=Nones inplay=False runners=6
2025-09-06 20:02:54.280 | DEBUG    | src.dogbot.executor:run:215 - [poll] 1.247458925 t_to_off=Nones inplay=False runners=6
2025-09-06 20:02:54.280 | DEBUG    | src.dogbot.executor:run:215 - [poll] 1.247459604 t_to_off=Nones inplay=False runners=6
2025-09-06 20:02:54.281 | DEBUG    | src.dogbot.executor:run:215 - [poll] 1.247459642 t_to_off=Nones inplay=False runners=5
2025-09-06 20:02:54.281 | DEBUG    | src.dogbot.executor:run:215 - [poll] 1.247448805 t_to_off=Nones inplay=False runners=6
2025-09-06 20:02:54.281 | DEBUG    | src.dogbot.executor:run:215 - [poll] 1.247459206 t_to_off=Nones inplay=False runners=6
2025-09-06 20:02:54.281 | DEBUG    | src.dogbot.executor:run:215 - [poll] 1.247459779 t_to_off=Nones inplay=False runners=5
2025-09-06 20:02:54.281 | DEBUG    | src.dogbot.executor:run:215 - [poll] 1.247460193 t_to_off=Nones inplay=False runners=5
2025-09-06 20:02:54.281 | DEBUG    | src.dogbot.executor:run:215 - [poll] 1.247458927 t_to_off=Nones inplay=False runners=6
2025-09-06 20:02:54.281 | DEBUG    | src.dogbot.executor:run:215 - [poll] 1.247459644 t_to_off=Nones inplay=False runners=5
2025-09-06 20:02:54.281 | DEBUG    | src.dogbot.executor:run:215 - [poll] 1.247459738 t_to_off=Nones inplay=False runners=6
2025-09-06 20:02:54.281 | DEBUG    | src.dogbot.executor:run:215 - [poll] 1.247460153 t_to_off=Nones inplay=False runners=7
2025-09-06 20:02:54.281 | DEBUG    | src.dogbot.executor:run:215 - [poll] 1.247448801 t_to_off=Nones inplay=False runners=6
2025-09-06 20:02:54.281 | DEBUG    | src.dogbot.executor:run:215 - [poll] 1.247458604 t_to_off=Nones inplay=False runners=6
2025-09-06 20:02:54.282 | DEBUG    | src.dogbot.executor:run:215 - [poll] 1.247459208 t_to_off=Nones inplay=False runners=6
2025-09-06 20:02:54.282 | DEBUG    | src.dogbot.executor:run:215 - [poll] 1.247459606 t_to_off=Nones inplay=False runners=6
2025-09-06 20:02:54.282 | DEBUG    | src.dogbot.executor:run:215 - [poll] 1.247459740 t_to_off=Nones inplay=False runners=5
2025-09-06 20:02:54.282 | DEBUG    | src.dogbot.executor:run:215 - [poll] 1.247459781 t_to_off=Nones inplay=False runners=6
2025-09-06 20:02:54.282 | DEBUG    | src.dogbot.executor:run:215 - [poll] 1.247460155 t_to_off=Nones inplay=False runners=6
2025-09-06 20:02:54.282 | DEBUG    | src.dogbot.executor:run:215 - [poll] 1.247460195 t_to_off=Nones inplay=False runners=7
2025-09-06 20:02:54.282 | DEBUG    | src.dogbot.executor:run:215 - [poll] 1.247458929 t_to_off=Nones inplay=False runners=5
2025-09-06 20:02:54.282 | DEBUG    | src.dogbot.executor:run:215 - [poll] 1.247459646 t_to_off=Nones inplay=False runners=5
2025-09-06 20:03:04.456 | DEBUG    | src.dogbot.executor:run:215 - [poll] 1.247458594 t_to_off=Nones inplay=False runners=6
2025-09-06 20:03:04.457 | DEBUG    | src.dogbot.executor:run:215 - [poll] 1.247459196 t_to_off=Nones inplay=False runners=5
2025-09-06 20:03:04.457 | DEBUG    | src.dogbot.executor:run:215 - [poll] 1.247459594 t_to_off=Nones inplay=False runners=6
2025-09-06 20:03:04.457 | DEBUG    | src.dogbot.executor:run:215 - [poll] 1.247459769 t_to_off=Nones inplay=False runners=6
2025-09-06 20:03:04.457 | DEBUG    | src.dogbot.executor:run:215 - [poll] 1.247459634 t_to_off=Nones inplay=False runners=5
2025-09-06 20:03:04.457 | DEBUG    | src.dogbot.executor:run:215 - [poll] 1.247459728 t_to_off=Nones inplay=False runners=6
2025-09-06 20:03:04.457 | DEBUG    | src.dogbot.executor:run:215 - [poll] 1.247460143 t_to_off=Nones inplay=False runners=7
2025-09-06 20:03:04.457 | DEBUG    | src.dogbot.executor:run:215 - [poll] 1.247460183 t_to_off=Nones inplay=False runners=5
2025-09-06 20:03:04.458 | DEBUG    | src.dogbot.executor:run:215 - [poll] 1.247458917 t_to_off=Nones inplay=False runners=5
2025-09-06 20:03:04.458 | DEBUG    | src.dogbot.executor:run:215 - [poll] 1.247459198 t_to_off=Nones inplay=False runners=6
2025-09-06 20:03:04.458 | DEBUG    | src.dogbot.executor:run:215 - [poll] 1.247459596 t_to_off=Nones inplay=False runners=5
2025-09-06 20:03:04.458 | DEBUG    | src.dogbot.executor:run:215 - [poll] 1.247459771 t_to_off=Nones inplay=False runners=6
2025-09-06 20:03:04.458 | DEBUG    | src.dogbot.executor:run:215 - [poll] 1.247458596 t_to_off=Nones inplay=False runners=6
2025-09-06 20:03:04.458 | DEBUG    | src.dogbot.executor:run:215 - [poll] 1.247459730 t_to_off=Nones inplay=False runners=5
2025-09-06 20:03:04.458 | DEBUG    | src.dogbot.executor:run:215 - [poll] 1.247460145 t_to_off=Nones inplay=False runners=5
2025-09-06 20:03:04.458 | DEBUG    | src.dogbot.executor:run:215 - [poll] 1.247460185 t_to_off=Nones inplay=False runners=6
2025-09-06 20:03:04.458 | DEBUG    | src.dogbot.executor:run:215 - [poll] 1.247458919 t_to_off=Nones inplay=False runners=5
2025-09-06 20:03:04.459 | DEBUG    | src.dogbot.executor:run:215 - [poll] 1.247459200 t_to_off=Nones inplay=False runners=6
2025-09-06 20:03:04.459 | DEBUG    | src.dogbot.executor:run:215 - [poll] 1.247459598 t_to_off=Nones inplay=False runners=6
2025-09-06 20:03:04.459 | DEBUG    | src.dogbot.executor:run:215 - [poll] 1.247459636 t_to_off=Nones inplay=False runners=5
2025-09-06 20:03:04.459 | DEBUG    | src.dogbot.executor:run:215 - [poll] 1.247458598 t_to_off=Nones inplay=False runners=6
2025-09-06 20:03:04.459 | DEBUG    | src.dogbot.executor:run:215 - [poll] 1.247459773 t_to_off=Nones inplay=False runners=6
2025-09-06 20:03:04.459 | DEBUG    | src.dogbot.executor:run:215 - [poll] 1.247460147 t_to_off=Nones inplay=False runners=6
2025-09-06 20:03:04.459 | DEBUG    | src.dogbot.executor:run:215 - [poll] 1.247460187 t_to_off=Nones inplay=False runners=5
2025-09-06 20:03:04.459 | DEBUG    | src.dogbot.executor:run:215 - [poll] 1.247458921 t_to_off=Nones inplay=False runners=5
2025-09-06 20:03:04.459 | DEBUG    | src.dogbot.executor:run:215 - [poll] 1.247459600 t_to_off=Nones inplay=False runners=6
2025-09-06 20:03:04.459 | DEBUG    | src.dogbot.executor:run:215 - [poll] 1.247459638 t_to_off=Nones inplay=False runners=5
2025-09-06 20:03:04.459 | DEBUG    | src.dogbot.executor:run:215 - [poll] 1.247459732 t_to_off=Nones inplay=False runners=5
2025-09-06 20:03:04.460 | DEBUG    | src.dogbot.executor:run:215 - [poll] 1.247459202 t_to_off=Nones inplay=False runners=6
2025-09-06 20:03:04.460 | DEBUG    | src.dogbot.executor:run:215 - [poll] 1.247459775 t_to_off=Nones inplay=False runners=5
2025-09-06 20:03:04.460 | DEBUG    | src.dogbot.executor:run:215 - [poll] 1.247460149 t_to_off=Nones inplay=False runners=5
2025-09-06 20:03:04.460 | DEBUG    | src.dogbot.executor:run:215 - [poll] 1.247460189 t_to_off=Nones inplay=False runners=6
2025-09-06 20:03:04.460 | DEBUG    | src.dogbot.executor:run:215 - [poll] 1.247448791 t_to_off=Nones inplay=False runners=6
2025-09-06 20:03:04.460 | DEBUG    | src.dogbot.executor:run:215 - [poll] 1.247458600 t_to_off=Nones inplay=False runners=5
2025-09-06 20:03:04.460 | DEBUG    | src.dogbot.executor:run:215 - [poll] 1.247458923 t_to_off=Nones inplay=False runners=6
2025-09-06 20:03:04.460 | DEBUG    | src.dogbot.executor:run:215 - [poll] 1.247459734 t_to_off=Nones inplay=False runners=6
2025-09-06 20:03:04.460 | DEBUG    | src.dogbot.executor:run:215 - [poll] 1.247459204 t_to_off=Nones inplay=False runners=5
2025-09-06 20:03:04.460 | DEBUG    | src.dogbot.executor:run:215 - [poll] 1.247459602 t_to_off=Nones inplay=False runners=6
2025-09-06 20:03:04.461 | DEBUG    | src.dogbot.executor:run:215 - [poll] 1.247459640 t_to_off=Nones inplay=False runners=5
2025-09-06 20:03:04.461 | DEBUG    | src.dogbot.executor:run:215 - [poll] 1.247459777 t_to_off=Nones inplay=False runners=5
2025-09-06 20:03:04.461 | DEBUG    | src.dogbot.executor:run:215 - [poll] 1.247448807 t_to_off=Nones inplay=False runners=6
2025-09-06 20:03:04.461 | DEBUG    | src.dogbot.executor:run:215 - [poll] 1.247459736 t_to_off=Nones inplay=False runners=6
2025-09-06 20:03:04.461 | DEBUG    | src.dogbot.executor:run:215 - [poll] 1.247460151 t_to_off=Nones inplay=False runners=6
2025-09-06 20:03:04.461 | DEBUG    | src.dogbot.executor:run:215 - [poll] 1.247460191 t_to_off=Nones inplay=False runners=6
2025-09-06 20:03:04.461 | DEBUG    | src.dogbot.executor:run:215 - [poll] 1.247458602 t_to_off=Nones inplay=False runners=6
2025-09-06 20:03:04.461 | DEBUG    | src.dogbot.executor:run:215 - [poll] 1.247458925 t_to_off=Nones inplay=False runners=6
2025-09-06 20:03:04.461 | DEBUG    | src.dogbot.executor:run:215 - [poll] 1.247459604 t_to_off=Nones inplay=False runners=6
2025-09-06 20:03:04.461 | DEBUG    | src.dogbot.executor:run:215 - [poll] 1.247459642 t_to_off=Nones inplay=False runners=5
2025-09-06 20:03:04.461 | DEBUG    | src.dogbot.executor:run:215 - [poll] 1.247448805 t_to_off=Nones inplay=False runners=6
2025-09-06 20:03:04.462 | DEBUG    | src.dogbot.executor:run:215 - [poll] 1.247459206 t_to_off=Nones inplay=False runners=6
2025-09-06 20:03:04.462 | DEBUG    | src.dogbot.executor:run:215 - [poll] 1.247459779 t_to_off=Nones inplay=False runners=5
2025-09-06 20:03:04.462 | DEBUG    | src.dogbot.executor:run:215 - [poll] 1.247460193 t_to_off=Nones inplay=False runners=5
2025-09-06 20:03:04.462 | DEBUG    | src.dogbot.executor:run:215 - [poll] 1.247458927 t_to_off=Nones inplay=False runners=6
2025-09-06 20:03:04.462 | DEBUG    | src.dogbot.executor:run:215 - [poll] 1.247459644 t_to_off=Nones inplay=False runners=5
2025-09-06 20:03:04.462 | DEBUG    | src.dogbot.executor:run:215 - [poll] 1.247459738 t_to_off=Nones inplay=False runners=6
2025-09-06 20:03:04.462 | DEBUG    | src.dogbot.executor:run:215 - [poll] 1.247460153 t_to_off=Nones inplay=False runners=7
2025-09-06 20:03:04.462 | DEBUG    | src.dogbot.executor:run:215 - [poll] 1.247448801 t_to_off=Nones inplay=False runners=6
2025-09-06 20:03:04.462 | DEBUG    | src.dogbot.executor:run:215 - [poll] 1.247458604 t_to_off=Nones inplay=False runners=6
2025-09-06 20:03:04.462 | DEBUG    | src.dogbot.executor:run:215 - [poll] 1.247459208 t_to_off=Nones inplay=False runners=6
2025-09-06 20:03:04.463 | DEBUG    | src.dogbot.executor:run:215 - [poll] 1.247459606 t_to_off=Nones inplay=False runners=6
2025-09-06 20:03:04.463 | DEBUG    | src.dogbot.executor:run:215 - [poll] 1.247459740 t_to_off=Nones inplay=False runners=5
2025-09-06 20:03:04.463 | DEBUG    | src.dogbot.executor:run:215 - [poll] 1.247459781 t_to_off=Nones inplay=False runners=6
2025-09-06 20:03:04.463 | DEBUG    | src.dogbot.executor:run:215 - [poll] 1.247460155 t_to_off=Nones inplay=False runners=6
2025-09-06 20:03:04.463 | DEBUG    | src.dogbot.executor:run:215 - [poll] 1.247460195 t_to_off=Nones inplay=False runners=7
2025-09-06 20:03:04.463 | DEBUG    | src.dogbot.executor:run:215 - [poll] 1.247458929 t_to_off=Nones inplay=False runners=5
2025-09-06 20:03:04.463 | DEBUG    | src.dogbot.executor:run:215 - [poll] 1.247459646 t_to_off=Nones inplay=False runners=5
2025-09-06 20:03:14.534 | DEBUG    | src.dogbot.executor:run:215 - [poll] 1.247458594 t_to_off=Nones inplay=False runners=6
2025-09-06 20:03:14.534 | DEBUG    | src.dogbot.executor:run:215 - [poll] 1.247459196 t_to_off=Nones inplay=False runners=5
2025-09-06 20:03:14.534 | DEBUG    | src.dogbot.executor:run:215 - [poll] 1.247459594 t_to_off=Nones inplay=False runners=6
2025-09-06 20:03:14.534 | DEBUG    | src.dogbot.executor:run:215 - [poll] 1.247459769 t_to_off=Nones inplay=False runners=6
2025-09-06 20:03:14.534 | DEBUG    | src.dogbot.executor:run:215 - [poll] 1.247459634 t_to_off=Nones inplay=False runners=5
2025-09-06 20:03:14.534 | DEBUG    | src.dogbot.executor:run:215 - [poll] 1.247459728 t_to_off=Nones inplay=False runners=6
2025-09-06 20:03:14.534 | DEBUG    | src.dogbot.executor:run:215 - [poll] 1.247460143 t_to_off=Nones inplay=False runners=7
2025-09-06 20:03:14.534 | DEBUG    | src.dogbot.executor:run:215 - [poll] 1.247460183 t_to_off=Nones inplay=False runners=5
2025-09-06 20:03:14.534 | DEBUG    | src.dogbot.executor:run:215 - [poll] 1.247458917 t_to_off=Nones inplay=False runners=5
2025-09-06 20:03:14.534 | DEBUG    | src.dogbot.executor:run:215 - [poll] 1.247459198 t_to_off=Nones inplay=False runners=6
2025-09-06 20:03:14.534 | DEBUG    | src.dogbot.executor:run:215 - [poll] 1.247459596 t_to_off=Nones inplay=False runners=5
2025-09-06 20:03:14.535 | DEBUG    | src.dogbot.executor:run:215 - [poll] 1.247459771 t_to_off=Nones inplay=False runners=6
2025-09-06 20:03:14.535 | DEBUG    | src.dogbot.executor:run:215 - [poll] 1.247458596 t_to_off=Nones inplay=False runners=6
2025-09-06 20:03:14.535 | DEBUG    | src.dogbot.executor:run:215 - [poll] 1.247459730 t_to_off=Nones inplay=False runners=5
2025-09-06 20:03:14.535 | DEBUG    | src.dogbot.executor:run:215 - [poll] 1.247460145 t_to_off=Nones inplay=False runners=5
2025-09-06 20:03:14.535 | DEBUG    | src.dogbot.executor:run:215 - [poll] 1.247460185 t_to_off=Nones inplay=False runners=6
2025-09-06 20:03:14.535 | DEBUG    | src.dogbot.executor:run:215 - [poll] 1.247458919 t_to_off=Nones inplay=False runners=5
2025-09-06 20:03:14.535 | DEBUG    | src.dogbot.executor:run:215 - [poll] 1.247459200 t_to_off=Nones inplay=False runners=6
2025-09-06 20:03:14.535 | DEBUG    | src.dogbot.executor:run:215 - [poll] 1.247459598 t_to_off=Nones inplay=False runners=6
2025-09-06 20:03:14.535 | DEBUG    | src.dogbot.executor:run:215 - [poll] 1.247459636 t_to_off=Nones inplay=False runners=5
2025-09-06 20:03:14.535 | DEBUG    | src.dogbot.executor:run:215 - [poll] 1.247458598 t_to_off=Nones inplay=False runners=6
2025-09-06 20:03:14.536 | DEBUG    | src.dogbot.executor:run:215 - [poll] 1.247459773 t_to_off=Nones inplay=False runners=6
2025-09-06 20:03:14.536 | DEBUG    | src.dogbot.executor:run:215 - [poll] 1.247460147 t_to_off=Nones inplay=False runners=6
2025-09-06 20:03:14.536 | DEBUG    | src.dogbot.executor:run:215 - [poll] 1.247460187 t_to_off=Nones inplay=False runners=5
2025-09-06 20:03:14.536 | DEBUG    | src.dogbot.executor:run:215 - [poll] 1.247458921 t_to_off=Nones inplay=False runners=5
2025-09-06 20:03:14.536 | DEBUG    | src.dogbot.executor:run:215 - [poll] 1.247459600 t_to_off=Nones inplay=False runners=6
2025-09-06 20:03:14.536 | DEBUG    | src.dogbot.executor:run:215 - [poll] 1.247459638 t_to_off=Nones inplay=False runners=5
2025-09-06 20:03:14.536 | DEBUG    | src.dogbot.executor:run:215 - [poll] 1.247459732 t_to_off=Nones inplay=False runners=5
2025-09-06 20:03:14.536 | DEBUG    | src.dogbot.executor:run:215 - [poll] 1.247459202 t_to_off=Nones inplay=False runners=6
2025-09-06 20:03:14.536 | DEBUG    | src.dogbot.executor:run:215 - [poll] 1.247459775 t_to_off=Nones inplay=False runners=5
2025-09-06 20:03:14.536 | DEBUG    | src.dogbot.executor:run:215 - [poll] 1.247460149 t_to_off=Nones inplay=False runners=5
2025-09-06 20:03:14.537 | DEBUG    | src.dogbot.executor:run:215 - [poll] 1.247460189 t_to_off=Nones inplay=False runners=6
2025-09-06 20:03:14.537 | DEBUG    | src.dogbot.executor:run:215 - [poll] 1.247448791 t_to_off=Nones inplay=False runners=6
2025-09-06 20:03:14.537 | DEBUG    | src.dogbot.executor:run:215 - [poll] 1.247458600 t_to_off=Nones inplay=False runners=5
2025-09-06 20:03:14.537 | DEBUG    | src.dogbot.executor:run:215 - [poll] 1.247458923 t_to_off=Nones inplay=False runners=6
2025-09-06 20:03:14.537 | DEBUG    | src.dogbot.executor:run:215 - [poll] 1.247459734 t_to_off=Nones inplay=False runners=6
2025-09-06 20:03:14.537 | DEBUG    | src.dogbot.executor:run:215 - [poll] 1.247459204 t_to_off=Nones inplay=False runners=5
2025-09-06 20:03:14.537 | DEBUG    | src.dogbot.executor:run:215 - [poll] 1.247459602 t_to_off=Nones inplay=False runners=6
2025-09-06 20:03:14.537 | DEBUG    | src.dogbot.executor:run:215 - [poll] 1.247459640 t_to_off=Nones inplay=False runners=5
2025-09-06 20:03:14.537 | DEBUG    | src.dogbot.executor:run:215 - [poll] 1.247459777 t_to_off=Nones inplay=False runners=5
2025-09-06 20:03:14.537 | DEBUG    | src.dogbot.executor:run:215 - [poll] 1.247448807 t_to_off=Nones inplay=False runners=6
2025-09-06 20:03:14.538 | DEBUG    | src.dogbot.executor:run:215 - [poll] 1.247459736 t_to_off=Nones inplay=False runners=6
2025-09-06 20:03:14.538 | DEBUG    | src.dogbot.executor:run:215 - [poll] 1.247460151 t_to_off=Nones inplay=False runners=6
2025-09-06 20:03:14.538 | DEBUG    | src.dogbot.executor:run:215 - [poll] 1.247460191 t_to_off=Nones inplay=False runners=6
2025-09-06 20:03:14.538 | DEBUG    | src.dogbot.executor:run:215 - [poll] 1.247458602 t_to_off=Nones inplay=False runners=6
2025-09-06 20:03:14.538 | DEBUG    | src.dogbot.executor:run:215 - [poll] 1.247458925 t_to_off=Nones inplay=False runners=6
2025-09-06 20:03:14.538 | DEBUG    | src.dogbot.executor:run:215 - [poll] 1.247459604 t_to_off=Nones inplay=False runners=6
2025-09-06 20:03:14.538 | DEBUG    | src.dogbot.executor:run:215 - [poll] 1.247459642 t_to_off=Nones inplay=False runners=5
2025-09-06 20:03:14.538 | DEBUG    | src.dogbot.executor:run:215 - [poll] 1.247448805 t_to_off=Nones inplay=False runners=6
2025-09-06 20:03:14.538 | DEBUG    | src.dogbot.executor:run:215 - [poll] 1.247459206 t_to_off=Nones inplay=False runners=6
2025-09-06 20:03:14.539 | DEBUG    | src.dogbot.executor:run:215 - [poll] 1.247459779 t_to_off=Nones inplay=False runners=5
2025-09-06 20:03:14.539 | DEBUG    | src.dogbot.executor:run:215 - [poll] 1.247460193 t_to_off=Nones inplay=False runners=5
2025-09-06 20:03:14.539 | DEBUG    | src.dogbot.executor:run:215 - [poll] 1.247458927 t_to_off=Nones inplay=False runners=6
2025-09-06 20:03:14.539 | DEBUG    | src.dogbot.executor:run:215 - [poll] 1.247459644 t_to_off=Nones inplay=False runners=5
2025-09-06 20:03:14.539 | DEBUG    | src.dogbot.executor:run:215 - [poll] 1.247459738 t_to_off=Nones inplay=False runners=6
2025-09-06 20:03:14.539 | DEBUG    | src.dogbot.executor:run:215 - [poll] 1.247460153 t_to_off=Nones inplay=False runners=7
2025-09-06 20:03:14.539 | DEBUG    | src.dogbot.executor:run:215 - [poll] 1.247448801 t_to_off=Nones inplay=False runners=6
2025-09-06 20:03:14.539 | DEBUG    | src.dogbot.executor:run:215 - [poll] 1.247458604 t_to_off=Nones inplay=False runners=6
2025-09-06 20:03:14.539 | DEBUG    | src.dogbot.executor:run:215 - [poll] 1.247459208 t_to_off=Nones inplay=False runners=6
2025-09-06 20:03:14.539 | DEBUG    | src.dogbot.executor:run:215 - [poll] 1.247459606 t_to_off=Nones inplay=False runners=6
2025-09-06 20:03:14.540 | DEBUG    | src.dogbot.executor:run:215 - [poll] 1.247459740 t_to_off=Nones inplay=False runners=5
2025-09-06 20:03:14.540 | DEBUG    | src.dogbot.executor:run:215 - [poll] 1.247459781 t_to_off=Nones inplay=False runners=6
2025-09-06 20:03:14.540 | DEBUG    | src.dogbot.executor:run:215 - [poll] 1.247460155 t_to_off=Nones inplay=False runners=6
2025-09-06 20:03:14.540 | DEBUG    | src.dogbot.executor:run:215 - [poll] 1.247460195 t_to_off=Nones inplay=False runners=7
2025-09-06 20:03:14.540 | DEBUG    | src.dogbot.executor:run:215 - [poll] 1.247458929 t_to_off=Nones inplay=False runners=5
2025-09-06 20:03:14.540 | DEBUG    | src.dogbot.executor:run:215 - [poll] 1.247459646 t_to_off=Nones inplay=False runners=5
2025-09-06 20:03:24.690 | DEBUG    | src.dogbot.executor:run:215 - [poll] 1.247458594 t_to_off=Nones inplay=False runners=6
2025-09-06 20:03:24.690 | DEBUG    | src.dogbot.executor:run:215 - [poll] 1.247459196 t_to_off=Nones inplay=False runners=5
2025-09-06 20:03:24.691 | DEBUG    | src.dogbot.executor:run:215 - [poll] 1.247459594 t_to_off=Nones inplay=False runners=6
2025-09-06 20:03:24.691 | DEBUG    | src.dogbot.executor:run:215 - [poll] 1.247459769 t_to_off=Nones inplay=False runners=6
2025-09-06 20:03:24.691 | DEBUG    | src.dogbot.executor:run:215 - [poll] 1.247459634 t_to_off=Nones inplay=False runners=5
2025-09-06 20:03:24.692 | DEBUG    | src.dogbot.executor:run:215 - [poll] 1.247459728 t_to_off=Nones inplay=False runners=6
2025-09-06 20:03:24.692 | DEBUG    | src.dogbot.executor:run:215 - [poll] 1.247460143 t_to_off=Nones inplay=False runners=7
2025-09-06 20:03:24.692 | DEBUG    | src.dogbot.executor:run:215 - [poll] 1.247460183 t_to_off=Nones inplay=False runners=5
2025-09-06 20:03:24.692 | DEBUG    | src.dogbot.executor:run:215 - [poll] 1.247458917 t_to_off=Nones inplay=False runners=5
2025-09-06 20:03:24.693 | DEBUG    | src.dogbot.executor:run:215 - [poll] 1.247459198 t_to_off=Nones inplay=False runners=6
2025-09-06 20:03:24.693 | DEBUG    | src.dogbot.executor:run:215 - [poll] 1.247459596 t_to_off=Nones inplay=False runners=5
2025-09-06 20:03:24.693 | DEBUG    | src.dogbot.executor:run:215 - [poll] 1.247459771 t_to_off=Nones inplay=False runners=6
2025-09-06 20:03:24.694 | DEBUG    | src.dogbot.executor:run:215 - [poll] 1.247458596 t_to_off=Nones inplay=False runners=6
2025-09-06 20:03:24.694 | DEBUG    | src.dogbot.executor:run:215 - [poll] 1.247459730 t_to_off=Nones inplay=False runners=5
2025-09-06 20:03:24.694 | DEBUG    | src.dogbot.executor:run:215 - [poll] 1.247460145 t_to_off=Nones inplay=False runners=5
2025-09-06 20:03:24.694 | DEBUG    | src.dogbot.executor:run:215 - [poll] 1.247460185 t_to_off=Nones inplay=False runners=6
2025-09-06 20:03:24.695 | DEBUG    | src.dogbot.executor:run:215 - [poll] 1.247458919 t_to_off=Nones inplay=False runners=5
2025-09-06 20:03:24.695 | DEBUG    | src.dogbot.executor:run:215 - [poll] 1.247459200 t_to_off=Nones inplay=False runners=6
2025-09-06 20:03:24.696 | DEBUG    | src.dogbot.executor:run:215 - [poll] 1.247459598 t_to_off=Nones inplay=False runners=6
2025-09-06 20:03:24.696 | DEBUG    | src.dogbot.executor:run:215 - [poll] 1.247459636 t_to_off=Nones inplay=False runners=5
2025-09-06 20:03:24.696 | DEBUG    | src.dogbot.executor:run:215 - [poll] 1.247458598 t_to_off=Nones inplay=False runners=6
2025-09-06 20:03:24.696 | DEBUG    | src.dogbot.executor:run:215 - [poll] 1.247459773 t_to_off=Nones inplay=False runners=6
2025-09-06 20:03:24.697 | DEBUG    | src.dogbot.executor:run:215 - [poll] 1.247460147 t_to_off=Nones inplay=False runners=6
2025-09-06 20:03:24.697 | DEBUG    | src.dogbot.executor:run:215 - [poll] 1.247460187 t_to_off=Nones inplay=False runners=5
2025-09-06 20:03:24.698 | DEBUG    | src.dogbot.executor:run:215 - [poll] 1.247458921 t_to_off=Nones inplay=False runners=5
2025-09-06 20:03:24.698 | DEBUG    | src.dogbot.executor:run:215 - [poll] 1.247459600 t_to_off=Nones inplay=False runners=6
2025-09-06 20:03:24.698 | DEBUG    | src.dogbot.executor:run:215 - [poll] 1.247459638 t_to_off=Nones inplay=False runners=5
2025-09-06 20:03:24.698 | DEBUG    | src.dogbot.executor:run:215 - [poll] 1.247459732 t_to_off=Nones inplay=False runners=5
2025-09-06 20:03:24.699 | DEBUG    | src.dogbot.executor:run:215 - [poll] 1.247459202 t_to_off=Nones inplay=False runners=6
2025-09-06 20:03:24.699 | DEBUG    | src.dogbot.executor:run:215 - [poll] 1.247459775 t_to_off=Nones inplay=False runners=5
2025-09-06 20:03:24.700 | DEBUG    | src.dogbot.executor:run:215 - [poll] 1.247460149 t_to_off=Nones inplay=False runners=5
2025-09-06 20:03:24.700 | DEBUG    | src.dogbot.executor:run:215 - [poll] 1.247460189 t_to_off=Nones inplay=False runners=6
2025-09-06 20:03:24.700 | DEBUG    | src.dogbot.executor:run:215 - [poll] 1.247448791 t_to_off=Nones inplay=False runners=6
2025-09-06 20:03:24.701 | DEBUG    | src.dogbot.executor:run:215 - [poll] 1.247458600 t_to_off=Nones inplay=False runners=5
2025-09-06 20:03:24.701 | DEBUG    | src.dogbot.executor:run:215 - [poll] 1.247458923 t_to_off=Nones inplay=False runners=6
2025-09-06 20:03:24.701 | DEBUG    | src.dogbot.executor:run:215 - [poll] 1.247459734 t_to_off=Nones inplay=False runners=6
2025-09-06 20:03:24.702 | DEBUG    | src.dogbot.executor:run:215 - [poll] 1.247459204 t_to_off=Nones inplay=False runners=5
2025-09-06 20:03:24.702 | DEBUG    | src.dogbot.executor:run:215 - [poll] 1.247459602 t_to_off=Nones inplay=False runners=6
2025-09-06 20:03:24.702 | DEBUG    | src.dogbot.executor:run:215 - [poll] 1.247459640 t_to_off=Nones inplay=False runners=5
2025-09-06 20:03:24.702 | DEBUG    | src.dogbot.executor:run:215 - [poll] 1.247459777 t_to_off=Nones inplay=False runners=5
2025-09-06 20:03:24.703 | DEBUG    | src.dogbot.executor:run:215 - [poll] 1.247448807 t_to_off=Nones inplay=False runners=6
2025-09-06 20:03:24.703 | DEBUG    | src.dogbot.executor:run:215 - [poll] 1.247459736 t_to_off=Nones inplay=False runners=6
2025-09-06 20:03:24.703 | DEBUG    | src.dogbot.executor:run:215 - [poll] 1.247460151 t_to_off=Nones inplay=False runners=6
2025-09-06 20:03:24.704 | DEBUG    | src.dogbot.executor:run:215 - [poll] 1.247460191 t_to_off=Nones inplay=False runners=6
2025-09-06 20:03:24.704 | DEBUG    | src.dogbot.executor:run:215 - [poll] 1.247458602 t_to_off=Nones inplay=False runners=6
2025-09-06 20:03:24.704 | DEBUG    | src.dogbot.executor:run:215 - [poll] 1.247458925 t_to_off=Nones inplay=False runners=6
2025-09-06 20:03:24.704 | DEBUG    | src.dogbot.executor:run:215 - [poll] 1.247459604 t_to_off=Nones inplay=False runners=6
2025-09-06 20:03:24.705 | DEBUG    | src.dogbot.executor:run:215 - [poll] 1.247459642 t_to_off=Nones inplay=False runners=5
2025-09-06 20:03:24.705 | DEBUG    | src.dogbot.executor:run:215 - [poll] 1.247448805 t_to_off=Nones inplay=False runners=6
2025-09-06 20:03:24.705 | DEBUG    | src.dogbot.executor:run:215 - [poll] 1.247459206 t_to_off=Nones inplay=False runners=6
2025-09-06 20:03:24.706 | DEBUG    | src.dogbot.executor:run:215 - [poll] 1.247459779 t_to_off=Nones inplay=False runners=5
2025-09-06 20:03:24.706 | DEBUG    | src.dogbot.executor:run:215 - [poll] 1.247460193 t_to_off=Nones inplay=False runners=5
2025-09-06 20:03:24.706 | DEBUG    | src.dogbot.executor:run:215 - [poll] 1.247458927 t_to_off=Nones inplay=False runners=6
2025-09-06 20:03:24.706 | DEBUG    | src.dogbot.executor:run:215 - [poll] 1.247459644 t_to_off=Nones inplay=False runners=5
2025-09-06 20:03:24.707 | DEBUG    | src.dogbot.executor:run:215 - [poll] 1.247459738 t_to_off=Nones inplay=False runners=6
2025-09-06 20:03:24.707 | DEBUG    | src.dogbot.executor:run:215 - [poll] 1.247460153 t_to_off=Nones inplay=False runners=7
2025-09-06 20:03:24.707 | DEBUG    | src.dogbot.executor:run:215 - [poll] 1.247448801 t_to_off=Nones inplay=False runners=6
2025-09-06 20:03:24.708 | DEBUG    | src.dogbot.executor:run:215 - [poll] 1.247458604 t_to_off=Nones inplay=False runners=6
2025-09-06 20:03:24.708 | DEBUG    | src.dogbot.executor:run:215 - [poll] 1.247459208 t_to_off=Nones inplay=False runners=6
2025-09-06 20:03:24.708 | DEBUG    | src.dogbot.executor:run:215 - [poll] 1.247459606 t_to_off=Nones inplay=False runners=6
2025-09-06 20:03:24.708 | DEBUG    | src.dogbot.executor:run:215 - [poll] 1.247459740 t_to_off=Nones inplay=False runners=5
2025-09-06 20:03:24.709 | DEBUG    | src.dogbot.executor:run:215 - [poll] 1.247459781 t_to_off=Nones inplay=False runners=6
2025-09-06 20:03:24.709 | DEBUG    | src.dogbot.executor:run:215 - [poll] 1.247460155 t_to_off=Nones inplay=False runners=6
2025-09-06 20:03:24.709 | DEBUG    | src.dogbot.executor:run:215 - [poll] 1.247460195 t_to_off=Nones inplay=False runners=7
2025-09-06 20:03:24.710 | DEBUG    | src.dogbot.executor:run:215 - [poll] 1.247458929 t_to_off=Nones inplay=False runners=5
2025-09-06 20:03:24.710 | DEBUG    | src.dogbot.executor:run:215 - [poll] 1.247459646 t_to_off=Nones inplay=False runners=5
2025-09-06 20:03:34.803 | DEBUG    | src.dogbot.executor:run:215 - [poll] 1.247458594 t_to_off=Nones inplay=False runners=6
2025-09-06 20:03:34.804 | DEBUG    | src.dogbot.executor:run:215 - [poll] 1.247459196 t_to_off=Nones inplay=False runners=5
2025-09-06 20:03:34.804 | DEBUG    | src.dogbot.executor:run:215 - [poll] 1.247459594 t_to_off=Nones inplay=False runners=6
2025-09-06 20:03:34.804 | DEBUG    | src.dogbot.executor:run:215 - [poll] 1.247459769 t_to_off=Nones inplay=False runners=6
2025-09-06 20:03:34.804 | DEBUG    | src.dogbot.executor:run:215 - [poll] 1.247459634 t_to_off=Nones inplay=False runners=5
2025-09-06 20:03:34.804 | DEBUG    | src.dogbot.executor:run:215 - [poll] 1.247459728 t_to_off=Nones inplay=False runners=6
2025-09-06 20:03:34.804 | DEBUG    | src.dogbot.executor:run:215 - [poll] 1.247460143 t_to_off=Nones inplay=False runners=7
2025-09-06 20:03:34.804 | DEBUG    | src.dogbot.executor:run:215 - [poll] 1.247460183 t_to_off=Nones inplay=False runners=5
2025-09-06 20:03:34.804 | DEBUG    | src.dogbot.executor:run:215 - [poll] 1.247458917 t_to_off=Nones inplay=False runners=5
2025-09-06 20:03:34.804 | DEBUG    | src.dogbot.executor:run:215 - [poll] 1.247459198 t_to_off=Nones inplay=False runners=6
2025-09-06 20:03:34.804 | DEBUG    | src.dogbot.executor:run:215 - [poll] 1.247459596 t_to_off=Nones inplay=False runners=5
2025-09-06 20:03:34.806 | DEBUG    | src.dogbot.executor:run:215 - [poll] 1.247459771 t_to_off=Nones inplay=False runners=6
2025-09-06 20:03:34.806 | DEBUG    | src.dogbot.executor:run:215 - [poll] 1.247458596 t_to_off=Nones inplay=False runners=6
2025-09-06 20:03:34.806 | DEBUG    | src.dogbot.executor:run:215 - [poll] 1.247459730 t_to_off=Nones inplay=False runners=5
2025-09-06 20:03:34.806 | DEBUG    | src.dogbot.executor:run:215 - [poll] 1.247460145 t_to_off=Nones inplay=False runners=5
2025-09-06 20:03:34.806 | DEBUG    | src.dogbot.executor:run:215 - [poll] 1.247460185 t_to_off=Nones inplay=False runners=6
2025-09-06 20:03:34.806 | DEBUG    | src.dogbot.executor:run:215 - [poll] 1.247458919 t_to_off=Nones inplay=False runners=5
2025-09-06 20:03:34.806 | DEBUG    | src.dogbot.executor:run:215 - [poll] 1.247459200 t_to_off=Nones inplay=False runners=6
2025-09-06 20:03:34.806 | DEBUG    | src.dogbot.executor:run:215 - [poll] 1.247459598 t_to_off=Nones inplay=False runners=6
2025-09-06 20:03:34.806 | DEBUG    | src.dogbot.executor:run:215 - [poll] 1.247459636 t_to_off=Nones inplay=False runners=5
2025-09-06 20:03:34.806 | DEBUG    | src.dogbot.executor:run:215 - [poll] 1.247458598 t_to_off=Nones inplay=False runners=6
2025-09-06 20:03:34.806 | DEBUG    | src.dogbot.executor:run:215 - [poll] 1.247459773 t_to_off=Nones inplay=False runners=6
2025-09-06 20:03:34.806 | DEBUG    | src.dogbot.executor:run:215 - [poll] 1.247460147 t_to_off=Nones inplay=False runners=6
2025-09-06 20:03:34.807 | DEBUG    | src.dogbot.executor:run:215 - [poll] 1.247460187 t_to_off=Nones inplay=False runners=5
2025-09-06 20:03:34.807 | DEBUG    | src.dogbot.executor:run:215 - [poll] 1.247458921 t_to_off=Nones inplay=False runners=5
2025-09-06 20:03:34.807 | DEBUG    | src.dogbot.executor:run:215 - [poll] 1.247459600 t_to_off=Nones inplay=False runners=6
2025-09-06 20:03:34.807 | DEBUG    | src.dogbot.executor:run:215 - [poll] 1.247459638 t_to_off=Nones inplay=False runners=5
2025-09-06 20:03:34.807 | DEBUG    | src.dogbot.executor:run:215 - [poll] 1.247459732 t_to_off=Nones inplay=False runners=5
2025-09-06 20:03:34.808 | DEBUG    | src.dogbot.executor:run:215 - [poll] 1.247459202 t_to_off=Nones inplay=False runners=6
2025-09-06 20:03:34.808 | DEBUG    | src.dogbot.executor:run:215 - [poll] 1.247459775 t_to_off=Nones inplay=False runners=5
2025-09-06 20:03:34.808 | DEBUG    | src.dogbot.executor:run:215 - [poll] 1.247460149 t_to_off=Nones inplay=False runners=5
2025-09-06 20:03:34.808 | DEBUG    | src.dogbot.executor:run:215 - [poll] 1.247460189 t_to_off=Nones inplay=False runners=6
2025-09-06 20:03:34.808 | DEBUG    | src.dogbot.executor:run:215 - [poll] 1.247448791 t_to_off=Nones inplay=False runners=6
2025-09-06 20:03:34.808 | DEBUG    | src.dogbot.executor:run:215 - [poll] 1.247458600 t_to_off=Nones inplay=False runners=5
2025-09-06 20:03:34.808 | DEBUG    | src.dogbot.executor:run:215 - [poll] 1.247458923 t_to_off=Nones inplay=False runners=6
2025-09-06 20:03:34.809 | DEBUG    | src.dogbot.executor:run:215 - [poll] 1.247459734 t_to_off=Nones inplay=False runners=6
2025-09-06 20:03:34.809 | DEBUG    | src.dogbot.executor:run:215 - [poll] 1.247459204 t_to_off=Nones inplay=False runners=5
2025-09-06 20:03:34.809 | DEBUG    | src.dogbot.executor:run:215 - [poll] 1.247459602 t_to_off=Nones inplay=False runners=6
2025-09-06 20:03:34.809 | DEBUG    | src.dogbot.executor:run:215 - [poll] 1.247459640 t_to_off=Nones inplay=False runners=5
2025-09-06 20:03:34.809 | DEBUG    | src.dogbot.executor:run:215 - [poll] 1.247459777 t_to_off=Nones inplay=False runners=5
2025-09-06 20:03:34.810 | DEBUG    | src.dogbot.executor:run:215 - [poll] 1.247448807 t_to_off=Nones inplay=False runners=6
2025-09-06 20:03:34.810 | DEBUG    | src.dogbot.executor:run:215 - [poll] 1.247459736 t_to_off=Nones inplay=False runners=6
2025-09-06 20:03:34.810 | DEBUG    | src.dogbot.executor:run:215 - [poll] 1.247460151 t_to_off=Nones inplay=False runners=6
2025-09-06 20:03:34.810 | DEBUG    | src.dogbot.executor:run:215 - [poll] 1.247460191 t_to_off=Nones inplay=False runners=6
2025-09-06 20:03:34.810 | DEBUG    | src.dogbot.executor:run:215 - [poll] 1.247458602 t_to_off=Nones inplay=False runners=6
2025-09-06 20:03:34.810 | DEBUG    | src.dogbot.executor:run:215 - [poll] 1.247458925 t_to_off=Nones inplay=False runners=6
2025-09-06 20:03:34.810 | DEBUG    | src.dogbot.executor:run:215 - [poll] 1.247459604 t_to_off=Nones inplay=False runners=6
2025-09-06 20:03:34.811 | DEBUG    | src.dogbot.executor:run:215 - [poll] 1.247459642 t_to_off=Nones inplay=False runners=5
2025-09-06 20:03:34.811 | DEBUG    | src.dogbot.executor:run:215 - [poll] 1.247448805 t_to_off=Nones inplay=False runners=6
2025-09-06 20:03:34.811 | DEBUG    | src.dogbot.executor:run:215 - [poll] 1.247459206 t_to_off=Nones inplay=False runners=6
2025-09-06 20:03:34.811 | DEBUG    | src.dogbot.executor:run:215 - [poll] 1.247459779 t_to_off=Nones inplay=False runners=5
2025-09-06 20:03:34.811 | DEBUG    | src.dogbot.executor:run:215 - [poll] 1.247460193 t_to_off=Nones inplay=False runners=5
2025-09-06 20:03:34.811 | DEBUG    | src.dogbot.executor:run:215 - [poll] 1.247458927 t_to_off=Nones inplay=False runners=6
2025-09-06 20:03:34.812 | DEBUG    | src.dogbot.executor:run:215 - [poll] 1.247459644 t_to_off=Nones inplay=False runners=5
2025-09-06 20:03:34.812 | DEBUG    | src.dogbot.executor:run:215 - [poll] 1.247459738 t_to_off=Nones inplay=False runners=6
2025-09-06 20:03:34.812 | DEBUG    | src.dogbot.executor:run:215 - [poll] 1.247460153 t_to_off=Nones inplay=False runners=7
2025-09-06 20:03:34.812 | DEBUG    | src.dogbot.executor:run:215 - [poll] 1.247448801 t_to_off=Nones inplay=False runners=6
2025-09-06 20:03:34.812 | DEBUG    | src.dogbot.executor:run:215 - [poll] 1.247458604 t_to_off=Nones inplay=False runners=6
2025-09-06 20:03:34.812 | DEBUG    | src.dogbot.executor:run:215 - [poll] 1.247459208 t_to_off=Nones inplay=False runners=6
2025-09-06 20:03:34.813 | DEBUG    | src.dogbot.executor:run:215 - [poll] 1.247459606 t_to_off=Nones inplay=False runners=6
2025-09-06 20:03:34.813 | DEBUG    | src.dogbot.executor:run:215 - [poll] 1.247459740 t_to_off=Nones inplay=False runners=5
2025-09-06 20:03:34.813 | DEBUG    | src.dogbot.executor:run:215 - [poll] 1.247459781 t_to_off=Nones inplay=False runners=6
2025-09-06 20:03:34.813 | DEBUG    | src.dogbot.executor:run:215 - [poll] 1.247460155 t_to_off=Nones inplay=False runners=6
2025-09-06 20:03:34.813 | DEBUG    | src.dogbot.executor:run:215 - [poll] 1.247460195 t_to_off=Nones inplay=False runners=7
2025-09-06 20:03:34.813 | DEBUG    | src.dogbot.executor:run:215 - [poll] 1.247458929 t_to_off=Nones inplay=False runners=5
2025-09-06 20:03:34.814 | DEBUG    | src.dogbot.executor:run:215 - [poll] 1.247459646 t_to_off=Nones inplay=False runners=5
2025-09-06 20:03:38.212 | INFO     | src.dogbot.executor:run:283 - Shutting down (CTRL+C)
